#
# There is insufficient memory for the Java Runtime Environment to continue.
# Native memory allocation (malloc) failed to allocate 969296 bytes for Chunk::new
# Possible reasons:
#   The system is out of physical RAM or swap space
#   In 32 bit mode, the process size limit was hit
# Possible solutions:
#   Reduce memory load on the system
#   Increase physical memory or swap space
#   Check if swap backing store is full
#   Use 64 bit Java on a 64 bit OS
#   Decrease Java heap size (-Xmx/-Xms)
#   Decrease number of Java threads
#   Decrease Java thread stack sizes (-Xss)
#   Set larger code cache with -XX:ReservedCodeCacheSize=
# This output file may be truncated or incomplete.
#
#  Out of Memory Error (allocation.cpp:390), pid=14608, tid=0x0000000000002890
#
# JRE version: OpenJDK Runtime Environment (8.0_112-b06) (build 1.8.0_112-release-b06)
# Java VM: OpenJDK 64-Bit Server VM (25.112-b06 mixed mode windows-amd64 compressed oops)
# Failed to write core dump. Minidumps are not enabled by default on client versions of Windows
#

---------------  T H R E A D  ---------------

Current thread (0x0000000016e7a000):  JavaThread "C2 CompilerThread1" daemon [_thread_in_native, id=10384, stack(0x00000000188a0000,0x00000000189a0000)]

Stack: [0x00000000188a0000,0x00000000189a0000]
[error occurred during error reporting (printing stack bounds), id 0xc0000005]

Native frames: (J=compiled Java code, j=interpreted, Vv=VM code, C=native code)


Current CompileTask:
C2:1037985 18923       4       org.gradle.internal.component.external.model.AbstractMutableModuleComponentResolveMetadata::populateConfigurationFromDescriptor (264 bytes)


---------------  P R O C E S S  ---------------

Java Threads: ( => current thread )
  0x000000001d9bb000 JavaThread "build operations Thread 4" [_thread_blocked, id=5540, stack(0x0000000028700000,0x0000000028800000)]
  0x000000001d9bc000 JavaThread "build operations Thread 3" [_thread_blocked, id=16148, stack(0x0000000028600000,0x0000000028700000)]
  0x000000001d9b9800 JavaThread "build operations Thread 2" [_thread_blocked, id=948, stack(0x0000000028500000,0x0000000028600000)]
  0x000000001d9af000 JavaThread "build operations" [_thread_blocked, id=11928, stack(0x0000000028400000,0x0000000028500000)]
  0x000000001d9b0800 JavaThread "Cache worker for Artifact transforms cache (C:\Users\hmwan\.gradle\caches\transforms-1)" [_thread_blocked, id=12800, stack(0x0000000028300000,0x0000000028400000)]
  0x000000001d9b2000 JavaThread "Cache worker for file hash cache (C:\Users\hmwan\Documents\Projects\Printer-AS-Git\.gradle\4.4\fileHashes)" [_thread_blocked, id=19644, stack(0x0000000028200000,0x0000000028300000)]
  0x000000001d9b2800 JavaThread "Stdin handler" [_thread_blocked, id=4020, stack(0x0000000028100000,0x0000000028200000)]
  0x000000001d9b1000 JavaThread "Asynchronous log dispatcher for DefaultDaemonConnection: socket connection from /127.0.0.1:54975 to /127.0.0.1:56466" [_thread_blocked, id=13284, stack(0x0000000028000000,0x0000000028100000)]
  0x000000001d9ad800 JavaThread "Cancel handler" [_thread_blocked, id=11096, stack(0x0000000027f00000,0x0000000028000000)]
  0x000000001d9b4000 JavaThread "Handler for socket connection from /127.0.0.1:54975 to /127.0.0.1:56466" [_thread_in_native, id=18832, stack(0x0000000027e00000,0x0000000027f00000)]
  0x000000001bc2a800 JavaThread "Daemon worker Thread 2" [_thread_in_native, id=9208, stack(0x0000000025400000,0x0000000025500000)]
  0x000000001bc29800 JavaThread "Daemon Thread 2" [_thread_blocked, id=13868, stack(0x0000000025100000,0x0000000025200000)]
  0x0000000018e7f800 JavaThread "Memory manager" [_thread_blocked, id=11000, stack(0x0000000022330000,0x0000000022430000)]
  0x0000000019cd0800 JavaThread "File lock request listener" [_thread_in_native, id=17028, stack(0x000000001d3c0000,0x000000001d4c0000)]
  0x000000001912d000 JavaThread "Cache worker for file hash cache (C:\Users\hmwan\.gradle\caches\4.4\fileHashes)" [_thread_blocked, id=15240, stack(0x000000001c2f0000,0x000000001c3f0000)]
  0x0000000019248800 JavaThread "Daemon periodic checks" [_thread_blocked, id=212, stack(0x000000001a820000,0x000000001a920000)]
  0x0000000019248000 JavaThread "Incoming local TCP Connector on port 54975" [_thread_in_native, id=13420, stack(0x000000001a670000,0x000000001a770000)]
  0x00000000181fb800 JavaThread "Service Thread" daemon [_thread_blocked, id=5484, stack(0x0000000018aa0000,0x0000000018ba0000)]
  0x00000000181f6000 JavaThread "C1 CompilerThread2" daemon [_thread_blocked, id=2468, stack(0x00000000189a0000,0x0000000018aa0000)]
=>0x0000000016e7a000 JavaThread "C2 CompilerThread1" daemon [_thread_in_native, id=10384, stack(0x00000000188a0000,0x00000000189a0000)]
  0x0000000016e2b800 JavaThread "C2 CompilerThread0" daemon [_thread_blocked, id=11708, stack(0x00000000187a0000,0x00000000188a0000)]
  0x0000000016e79800 JavaThread "Attach Listener" daemon [_thread_blocked, id=10776, stack(0x00000000186a0000,0x00000000187a0000)]
  0x00000000181a8800 JavaThread "Signal Dispatcher" daemon [_thread_blocked, id=11260, stack(0x00000000185a0000,0x00000000186a0000)]
  0x00000000034ac000 JavaThread "Finalizer" daemon [_thread_blocked, id=18372, stack(0x00000000180a0000,0x00000000181a0000)]
  0x00000000034a1000 JavaThread "Reference Handler" daemon [_thread_blocked, id=9816, stack(0x0000000017fa0000,0x00000000180a0000)]
  0x00000000033b0800 JavaThread "main" [_thread_blocked, id=9000, stack(0x0000000002f00000,0x0000000003000000)]

Other Threads:
  0x0000000016de5800 VMThread [stack: 0x0000000017ea0000,0x0000000017fa0000] [id=15396]
  0x00000000181fe000 WatcherThread [stack: 0x0000000018ba0000,0x0000000018ca0000] [id=15820]

VM state:not at safepoint (normal execution)

VM Mutex/Monitor currently owned by a thread: None

Heap:
 PSYoungGen      total 181760K, used 42277K [0x00000000e0000000, 0x00000000edf80000, 0x0000000100000000)
  eden space 145408K, 20% used [0x00000000e0000000,0x00000000e1c9fe10,0x00000000e8e00000)
  from space 36352K, 35% used [0x00000000e8e00000,0x00000000e9aa9648,0x00000000eb180000)
  to   space 34304K, 0% used [0x00000000ebe00000,0x00000000ebe00000,0x00000000edf80000)
 ParOldGen       total 162816K, used 79831K [0x00000000a0000000, 0x00000000a9f00000, 0x00000000e0000000)
  object space 162816K, 49% used [0x00000000a0000000,0x00000000a4df5f68,0x00000000a9f00000)
 Metaspace       used 78387K, capacity 82256K, committed 82392K, reserved 1122304K
  class space    used 9490K, capacity 10397K, committed 10496K, reserved 1048576K

Card table byte_map: [0x0000000012870000,0x0000000012b80000] byte_map_base: 0x0000000012370000

Marking Bits: (ParMarkBitMap*) 0x0000000077d418f0
 Begin Bits: [0x0000000013180000, 0x0000000014980000)
 End Bits:   [0x0000000014980000, 0x0000000016180000)

Polling page: 0x0000000001120000

CodeCache: size=245760Kb used=57224Kb max_used=57238Kb free=188535Kb
 bounds [0x00000000034b0000, 0x0000000006ce0000, 0x00000000124b0000]
 total_blobs=15833 nmethods=15009 adapters=734
 compilation: enabled

Compilation events (10 events):
Event: 1037.056 Thread 0x00000000181f6000 nmethod 18922 0x0000000006cd40d0 code [0x0000000006cd4220, 0x0000000006cd4390]
Event: 1037.169 Thread 0x0000000016e7a000 18923       4       org.gradle.internal.component.external.model.AbstractMutableModuleComponentResolveMetadata::populateConfigurationFromDescriptor (264 bytes)
Event: 1037.238 Thread 0x0000000016e2b800 18924       4       org.gradle.cache.internal.DefaultFileLockManager$DefaultFileLock::assertOpenAndIntegral (41 bytes)
Event: 1037.241 Thread 0x0000000016e2b800 nmethod 18924 0x0000000006cd7110 code [0x0000000006cd7260, 0x0000000006cd7358]
Event: 1037.274 Thread 0x0000000016e2b800 18925       4       org.gradle.api.internal.artifacts.DefaultResolvedArtifact::hashCode (16 bytes)
Event: 1037.334 Thread 0x0000000016e2b800 nmethod 18925 0x0000000006cd46d0 code [0x0000000006cd4860, 0x0000000006cd5378]
Event: 1037.373 Thread 0x0000000016e2b800 18926       4       org.gradle.cache.internal.DefaultFileLockManager$DefaultFileLock::readFile (11 bytes)
Event: 1037.397 Thread 0x00000000181f6000 18927       1       org.gradle.internal.resource.cached.DefaultCachedArtifact::getCachedFile (5 bytes)
Event: 1037.398 Thread 0x00000000181f6000 nmethod 18927 0x0000000006cd4410 code [0x0000000006cd4560, 0x0000000006cd4670]
Event: 1037.417 Thread 0x0000000016e2b800 nmethod 18926 0x0000000006cd9750 code [0x0000000006cd9980, 0x0000000006cda3d0]

GC Heap History (10 events):
Event: 969.325 GC heap before
{Heap before GC invocations=29 (full 3):
 PSYoungGen      total 154112K, used 154090K [0x00000000e0000000, 0x00000000ebc80000, 0x0000000100000000)
  eden space 131584K, 100% used [0x00000000e0000000,0x00000000e8080000,0x00000000e8080000)
  from space 22528K, 99% used [0x00000000e8080000,0x00000000e967a8d0,0x00000000e9680000)
  to   space 27136K, 0% used [0x00000000ea200000,0x00000000ea200000,0x00000000ebc80000)
 ParOldGen       total 101376K, used 73886K [0x00000000a0000000, 0x00000000a6300000, 0x00000000e0000000)
  object space 101376K, 72% used [0x00000000a0000000,0x00000000a4827a48,0x00000000a6300000)
 Metaspace       used 77117K, capacity 80702K, committed 80856K, reserved 1120256K
  class space    used 9340K, capacity 10140K, committed 10240K, reserved 1048576K
Event: 969.649 GC heap after
Heap after GC invocations=29 (full 3):
 PSYoungGen      total 163328K, used 22022K [0x00000000e0000000, 0x00000000ec280000, 0x0000000100000000)
  eden space 136192K, 0% used [0x00000000e0000000,0x00000000e0000000,0x00000000e8500000)
  from space 27136K, 81% used [0x00000000ea200000,0x00000000eb781b08,0x00000000ebc80000)
  to   space 29696K, 0% used [0x00000000e8500000,0x00000000e8500000,0x00000000ea200000)
 ParOldGen       total 101376K, used 85959K [0x00000000a0000000, 0x00000000a6300000, 0x00000000e0000000)
  object space 101376K, 84% used [0x00000000a0000000,0x00000000a53f1f18,0x00000000a6300000)
 Metaspace       used 77117K, capacity 80702K, committed 80856K, reserved 1120256K
  class space    used 9340K, capacity 10140K, committed 10240K, reserved 1048576K
}
Event: 979.835 GC heap before
{Heap before GC invocations=30 (full 3):
 PSYoungGen      total 163328K, used 158214K [0x00000000e0000000, 0x00000000ec280000, 0x0000000100000000)
  eden space 136192K, 100% used [0x00000000e0000000,0x00000000e8500000,0x00000000e8500000)
  from space 27136K, 81% used [0x00000000ea200000,0x00000000eb781b08,0x00000000ebc80000)
  to   space 29696K, 0% used [0x00000000e8500000,0x00000000e8500000,0x00000000ea200000)
 ParOldGen       total 101376K, used 85959K [0x00000000a0000000, 0x00000000a6300000, 0x00000000e0000000)
  object space 101376K, 84% used [0x00000000a0000000,0x00000000a53f1f18,0x00000000a6300000)
 Metaspace       used 77224K, capacity 80766K, committed 81112K, reserved 1120256K
  class space    used 9340K, capacity 10140K, committed 10240K, reserved 1048576K
Event: 979.940 GC heap after
Heap after GC invocations=30 (full 3):
 PSYoungGen      total 165888K, used 29695K [0x00000000e0000000, 0x00000000ed500000, 0x0000000100000000)
  eden space 136192K, 0% used [0x00000000e0000000,0x00000000e0000000,0x00000000e8500000)
  from space 29696K, 99% used [0x00000000e8500000,0x00000000ea1ffc40,0x00000000ea200000)
  to   space 36352K, 0% used [0x00000000eb180000,0x00000000eb180000,0x00000000ed500000)
 ParOldGen       total 101376K, used 92105K [0x00000000a0000000, 0x00000000a6300000, 0x00000000e0000000)
  object space 101376K, 90% used [0x00000000a0000000,0x00000000a59f2570,0x00000000a6300000)
 Metaspace       used 77224K, capacity 80766K, committed 81112K, reserved 1120256K
  class space    used 9340K, capacity 10140K, committed 10240K, reserved 1048576K
}
Event: 979.941 GC heap before
{Heap before GC invocations=31 (full 4):
 PSYoungGen      total 165888K, used 29695K [0x00000000e0000000, 0x00000000ed500000, 0x0000000100000000)
  eden space 136192K, 0% used [0x00000000e0000000,0x00000000e0000000,0x00000000e8500000)
  from space 29696K, 99% used [0x00000000e8500000,0x00000000ea1ffc40,0x00000000ea200000)
  to   space 36352K, 0% used [0x00000000eb180000,0x00000000eb180000,0x00000000ed500000)
 ParOldGen       total 101376K, used 92105K [0x00000000a0000000, 0x00000000a6300000, 0x00000000e0000000)
  object space 101376K, 90% used [0x00000000a0000000,0x00000000a59f2570,0x00000000a6300000)
 Metaspace       used 77224K, capacity 80766K, committed 81112K, reserved 1120256K
  class space    used 9340K, capacity 10140K, committed 10240K, reserved 1048576K
Event: 981.674 GC heap after
Heap after GC invocations=31 (full 4):
 PSYoungGen      total 165888K, used 0K [0x00000000e0000000, 0x00000000ed500000, 0x0000000100000000)
  eden space 136192K, 0% used [0x00000000e0000000,0x00000000e0000000,0x00000000e8500000)
  from space 29696K, 0% used [0x00000000e8500000,0x00000000e8500000,0x00000000ea200000)
  to   space 36352K, 0% used [0x00000000eb180000,0x00000000eb180000,0x00000000ed500000)
 ParOldGen       total 162816K, used 79815K [0x00000000a0000000, 0x00000000a9f00000, 0x00000000e0000000)
  object space 162816K, 49% used [0x00000000a0000000,0x00000000a4df1f68,0x00000000a9f00000)
 Metaspace       used 77196K, capacity 80672K, committed 81112K, reserved 1120256K
  class space    used 9331K, capacity 10131K, committed 10240K, reserved 1048576K
}
Event: 1008.392 GC heap before
{Heap before GC invocations=32 (full 4):
 PSYoungGen      total 165888K, used 136192K [0x00000000e0000000, 0x00000000ed500000, 0x0000000100000000)
  eden space 136192K, 100% used [0x00000000e0000000,0x00000000e8500000,0x00000000e8500000)
  from space 29696K, 0% used [0x00000000e8500000,0x00000000e8500000,0x00000000ea200000)
  to   space 36352K, 0% used [0x00000000eb180000,0x00000000eb180000,0x00000000ed500000)
 ParOldGen       total 162816K, used 79815K [0x00000000a0000000, 0x00000000a9f00000, 0x00000000e0000000)
  object space 162816K, 49% used [0x00000000a0000000,0x00000000a4df1f68,0x00000000a9f00000)
 Metaspace       used 77325K, capacity 80842K, committed 81112K, reserved 1120256K
  class space    used 9341K, capacity 10148K, committed 10240K, reserved 1048576K
Event: 1008.442 GC heap after
Heap after GC invocations=32 (full 4):
 PSYoungGen      total 181760K, used 4128K [0x00000000e0000000, 0x00000000ed580000, 0x0000000100000000)
  eden space 145408K, 0% used [0x00000000e0000000,0x00000000e0000000,0x00000000e8e00000)
  from space 36352K, 11% used [0x00000000eb180000,0x00000000eb588000,0x00000000ed500000)
  to   space 36352K, 0% used [0x00000000e8e00000,0x00000000e8e00000,0x00000000eb180000)
 ParOldGen       total 162816K, used 79823K [0x00000000a0000000, 0x00000000a9f00000, 0x00000000e0000000)
  object space 162816K, 49% used [0x00000000a0000000,0x00000000a4df3f68,0x00000000a9f00000)
 Metaspace       used 77325K, capacity 80842K, committed 81112K, reserved 1120256K
  class space    used 9341K, capacity 10148K, committed 10240K, reserved 1048576K
}
Event: 1029.308 GC heap before
{Heap before GC invocations=33 (full 4):
 PSYoungGen      total 181760K, used 149536K [0x00000000e0000000, 0x00000000ed580000, 0x0000000100000000)
  eden space 145408K, 100% used [0x00000000e0000000,0x00000000e8e00000,0x00000000e8e00000)
  from space 36352K, 11% used [0x00000000eb180000,0x00000000eb588000,0x00000000ed500000)
  to   space 36352K, 0% used [0x00000000e8e00000,0x00000000e8e00000,0x00000000eb180000)
 ParOldGen       total 162816K, used 79823K [0x00000000a0000000, 0x00000000a9f00000, 0x00000000e0000000)
  object space 162816K, 49% used [0x00000000a0000000,0x00000000a4df3f68,0x00000000a9f00000)
 Metaspace       used 78324K, capacity 82226K, committed 82392K, reserved 1122304K
  class space    used 9487K, capacity 10392K, committed 10496K, reserved 1048576K
Event: 1029.731 GC heap after
Heap after GC invocations=33 (full 4):
 PSYoungGen      total 181760K, used 12965K [0x00000000e0000000, 0x00000000edf80000, 0x0000000100000000)
  eden space 145408K, 0% used [0x00000000e0000000,0x00000000e0000000,0x00000000e8e00000)
  from space 36352K, 35% used [0x00000000e8e00000,0x00000000e9aa9648,0x00000000eb180000)
  to   space 34304K, 0% used [0x00000000ebe00000,0x00000000ebe00000,0x00000000edf80000)
 ParOldGen       total 162816K, used 79831K [0x00000000a0000000, 0x00000000a9f00000, 0x00000000e0000000)
  object space 162816K, 49% used [0x00000000a0000000,0x00000000a4df5f68,0x00000000a9f00000)
 Metaspace       used 78324K, capacity 82226K, committed 82392K, reserved 1122304K
  class space    used 9487K, capacity 10392K, committed 10496K, reserved 1048576K
}

Deoptimization events (10 events):
Event: 1015.436 Thread 0x000000001bc2a800 Uncommon trap: reason=unstable_if action=reinterpret pc=0x0000000003c34c50 method=java.lang.ClassLoader.defineClassSourceLocation(Ljava/security/ProtectionDomain;)Ljava/lang/String; @ 8
Event: 1015.605 Thread 0x000000001bc2a800 Uncommon trap: reason=unstable_if action=reinterpret pc=0x00000000050d0054 method=java.lang.CharacterDataLatin1.isJavaIdentifierPart(I)Z @ 11
Event: 1015.605 Thread 0x000000001bc2a800 Uncommon trap: reason=unstable_if action=reinterpret pc=0x0000000003a4b7bc method=java.lang.CharacterDataLatin1.isJavaIdentifierPart(I)Z @ 11
Event: 1016.067 Thread 0x000000001bc2a800 Uncommon trap: reason=unloaded action=reinterpret pc=0x00000000042e5fb4 method=sun.reflect.generics.parser.SignatureParser.parseBaseType()Lsun/reflect/generics/tree/BaseType; @ 164
Event: 1016.078 Thread 0x000000001bc2a800 Uncommon trap: reason=unstable_if action=reinterpret pc=0x0000000004446c10 method=sun.reflect.generics.reflectiveObjects.ParameterizedTypeImpl.<init>(Ljava/lang/Class;[Ljava/lang/reflect/Type;Ljava/lang/reflect/Type;)V @ 16
Event: 1016.079 Thread 0x000000001bc2a800 Uncommon trap: reason=unstable_if action=reinterpret pc=0x000000000442b30c method=sun.reflect.generics.reflectiveObjects.ParameterizedTypeImpl.<init>(Ljava/lang/Class;[Ljava/lang/reflect/Type;Ljava/lang/reflect/Type;)V @ 16
Event: 1024.748 Thread 0x000000001bc2a800 Uncommon trap: reason=class_check action=maybe_recompile pc=0x0000000004f284c4 method=sun.misc.URLClassPath.findResource(Ljava/lang/String;Z)Ljava/net/URL; @ 26
Event: 1024.794 Thread 0x000000001bc2a800 Uncommon trap: reason=class_check action=maybe_recompile pc=0x0000000004f284c4 method=sun.misc.URLClassPath.findResource(Ljava/lang/String;Z)Ljava/net/URL; @ 26
Event: 1026.687 Thread 0x000000001bc2a800 Uncommon trap: reason=class_check action=maybe_recompile pc=0x0000000004f284c4 method=sun.misc.URLClassPath.findResource(Ljava/lang/String;Z)Ljava/net/URL; @ 26
Event: 1026.689 Thread 0x000000001bc2a800 Uncommon trap: reason=class_check action=maybe_recompile pc=0x0000000004f284c4 method=sun.misc.URLClassPath.findResource(Ljava/lang/String;Z)Ljava/net/URL; @ 26

Internal exceptions (10 events):
Event: 1022.561 Thread 0x000000001bc2a800 Exception <a 'sun/nio/fs/WindowsException'> (0x00000000e429a198) thrown at [C:\src\android\AOSP-openjdk\external\jetbrains\jdk\hotspot\src\share\vm\prims\jni.cpp, line 709]
Event: 1022.561 Thread 0x000000001bc2a800 Exception <a 'sun/nio/fs/WindowsException'> (0x00000000e429ac40) thrown at [C:\src\android\AOSP-openjdk\external\jetbrains\jdk\hotspot\src\share\vm\prims\jni.cpp, line 709]
Event: 1022.567 Thread 0x000000001bc2a800 Exception <a 'sun/nio/fs/WindowsException'> (0x00000000e429d048) thrown at [C:\src\android\AOSP-openjdk\external\jetbrains\jdk\hotspot\src\share\vm\prims\jni.cpp, line 709]
Event: 1022.567 Thread 0x000000001bc2a800 Exception <a 'sun/nio/fs/WindowsException'> (0x00000000e429db28) thrown at [C:\src\android\AOSP-openjdk\external\jetbrains\jdk\hotspot\src\share\vm\prims\jni.cpp, line 709]
Event: 1022.568 Thread 0x000000001bc2a800 Exception <a 'sun/nio/fs/WindowsException'> (0x00000000e429f650) thrown at [C:\src\android\AOSP-openjdk\external\jetbrains\jdk\hotspot\src\share\vm\prims\jni.cpp, line 709]
Event: 1022.568 Thread 0x000000001bc2a800 Exception <a 'sun/nio/fs/WindowsException'> (0x00000000e42a0168) thrown at [C:\src\android\AOSP-openjdk\external\jetbrains\jdk\hotspot\src\share\vm\prims\jni.cpp, line 709]
Event: 1022.573 Thread 0x000000001bc2a800 Exception <a 'sun/nio/fs/WindowsException'> (0x00000000e42a2770) thrown at [C:\src\android\AOSP-openjdk\external\jetbrains\jdk\hotspot\src\share\vm\prims\jni.cpp, line 709]
Event: 1022.573 Thread 0x000000001bc2a800 Exception <a 'sun/nio/fs/WindowsException'> (0x00000000e42a32c8) thrown at [C:\src\android\AOSP-openjdk\external\jetbrains\jdk\hotspot\src\share\vm\prims\jni.cpp, line 709]
Event: 1022.574 Thread 0x000000001bc2a800 Exception <a 'sun/nio/fs/WindowsException'> (0x00000000e42a4e68) thrown at [C:\src\android\AOSP-openjdk\external\jetbrains\jdk\hotspot\src\share\vm\prims\jni.cpp, line 709]
Event: 1022.574 Thread 0x000000001bc2a800 Exception <a 'sun/nio/fs/WindowsException'> (0x00000000e42a59f8) thrown at [C:\src\android\AOSP-openjdk\external\jetbrains\jdk\hotspot\src\share\vm\prims\jni.cpp, line 709]

Events (10 events):
Event: 1029.308 Executing VM operation: ParallelGCFailedAllocation
Event: 1029.731 Executing VM operation: ParallelGCFailedAllocation done
Event: 1029.740 Thread 0x00000000181f6000 flushing nmethod 0x0000000004e8bd90
Event: 1029.742 Thread 0x00000000181f6000 flushing nmethod 0x00000000050cb510
Event: 1029.748 Thread 0x00000000181f6000 flushing nmethod 0x000000000570d590
Event: 1029.766 Thread 0x00000000181f6000 flushing nmethod 0x00000000068bc290
Event: 1035.770 Executing VM operation: RevokeBias
Event: 1035.770 Executing VM operation: RevokeBias done
Event: 1035.772 Thread 0x000000001bc2a800 DEOPT PACKING pc=0x000000000627ff33 sp=0x00000000254fb770
Event: 1035.772 Thread 0x000000001bc2a800 DEOPT UNPACKING pc=0x00000000034f75bf sp=0x00000000254fb508 mode 0


Dynamic libraries:
0x00007ff759430000 - 0x00007ff759461000 	C:\Program Files\Android\Android Studio\jre\bin\java.exe
0x00007ffe09030000 - 0x00007ffe09211000 	C:\WINDOWS\SYSTEM32\ntdll.dll
0x00007ffe08430000 - 0x00007ffe084e1000 	C:\WINDOWS\System32\KERNEL32.DLL
0x00007ffe056f0000 - 0x00007ffe05963000 	C:\WINDOWS\System32\KERNELBASE.dll
0x00007ffe08770000 - 0x00007ffe08811000 	C:\WINDOWS\System32\ADVAPI32.dll
0x00007ffe07a40000 - 0x00007ffe07ade000 	C:\WINDOWS\System32\msvcrt.dll
0x00007ffe08820000 - 0x00007ffe0887b000 	C:\WINDOWS\System32\sechost.dll
0x00007ffe064d0000 - 0x00007ffe065f4000 	C:\WINDOWS\System32\RPCRT4.dll
0x00007ffe08240000 - 0x00007ffe083d0000 	C:\WINDOWS\System32\USER32.dll
0x00007ffe056d0000 - 0x00007ffe056f0000 	C:\WINDOWS\System32\win32u.dll
0x00007ffe07dc0000 - 0x00007ffe07de8000 	C:\WINDOWS\System32\GDI32.dll
0x00007ffe06320000 - 0x00007ffe064b1000 	C:\WINDOWS\System32\gdi32full.dll
0x00007ffe05580000 - 0x00007ffe0561f000 	C:\WINDOWS\System32\msvcp_win.dll
0x00007ffe05480000 - 0x00007ffe05578000 	C:\WINDOWS\System32\ucrtbase.dll
0x00007ffdf1b80000 - 0x00007ffdf1de9000 	C:\WINDOWS\WinSxS\amd64_microsoft.windows.common-controls_6595b64144ccf1df_6.0.17134.885_none_fb42a3473065565f\COMCTL32.dll
0x00007ffe088b0000 - 0x00007ffe08bd2000 	C:\WINDOWS\System32\combase.dll
0x00007ffe05400000 - 0x00007ffe05479000 	C:\WINDOWS\System32\bcryptPrimitives.dll
0x00007ffe085c0000 - 0x00007ffe085ed000 	C:\WINDOWS\System32\IMM32.DLL
0x0000000077250000 - 0x0000000077322000 	C:\Program Files\Android\Android Studio\jre\jre\bin\msvcr100.dll
0x0000000077580000 - 0x0000000077dbc000 	C:\Program Files\Android\Android Studio\jre\jre\bin\server\jvm.dll
0x00007ffe088a0000 - 0x00007ffe088a8000 	C:\WINDOWS\System32\PSAPI.DLL
0x00007ffdf9500000 - 0x00007ffdf9509000 	C:\WINDOWS\SYSTEM32\WSOCK32.dll
0x00007ffe08550000 - 0x00007ffe085bc000 	C:\WINDOWS\System32\WS2_32.dll
0x00007ffe02f30000 - 0x00007ffe02f53000 	C:\WINDOWS\SYSTEM32\WINMM.dll
0x00007ffdf5a20000 - 0x00007ffdf5a2a000 	C:\WINDOWS\SYSTEM32\VERSION.dll
0x00007ffe02bc0000 - 0x00007ffe02bea000 	C:\WINDOWS\SYSTEM32\WINMMBASE.dll
0x00007ffe060e0000 - 0x00007ffe06129000 	C:\WINDOWS\System32\cfgmgr32.dll
0x00007ffdf90a0000 - 0x00007ffdf90af000 	C:\Program Files\Android\Android Studio\jre\jre\bin\verify.dll
0x00007ffdf2c30000 - 0x00007ffdf2c59000 	C:\Program Files\Android\Android Studio\jre\jre\bin\java.dll
0x00007ffdf2f30000 - 0x00007ffdf2f46000 	C:\Program Files\Android\Android Studio\jre\jre\bin\zip.dll
0x00007ffe06600000 - 0x00007ffe07a40000 	C:\WINDOWS\System32\SHELL32.dll
0x00007ffe085f0000 - 0x00007ffe08699000 	C:\WINDOWS\System32\shcore.dll
0x00007ffe059d0000 - 0x00007ffe060dd000 	C:\WINDOWS\System32\windows.storage.dll
0x00007ffe083d0000 - 0x00007ffe08421000 	C:\WINDOWS\System32\shlwapi.dll
0x00007ffe05370000 - 0x00007ffe05381000 	C:\WINDOWS\System32\kernel.appcore.dll
0x00007ffe05350000 - 0x00007ffe0536f000 	C:\WINDOWS\System32\profapi.dll
0x00007ffe05390000 - 0x00007ffe053dc000 	C:\WINDOWS\System32\powrprof.dll
0x00007ffe05340000 - 0x00007ffe0534a000 	C:\WINDOWS\System32\FLTLIB.DLL
0x00007ffdf2b40000 - 0x00007ffdf2b5a000 	C:\Program Files\Android\Android Studio\jre\jre\bin\net.dll
0x00007ffe04b60000 - 0x00007ffe04bc6000 	C:\WINDOWS\system32\mswsock.dll
0x00007ffddf4d0000 - 0x00007ffddf4e1000 	C:\Program Files\Android\Android Studio\jre\jre\bin\nio.dll
0x00007ffdf9180000 - 0x00007ffdf919e000 	C:\Users\hmwan\.gradle\native\25\windows-amd64\native-platform.dll
0x00007ffdf9090000 - 0x00007ffdf909d000 	C:\Program Files\Android\Android Studio\jre\jre\bin\management.dll
0x00007ffe04d10000 - 0x00007ffe04d27000 	C:\WINDOWS\SYSTEM32\CRYPTSP.dll
0x00007ffe04750000 - 0x00007ffe04783000 	C:\WINDOWS\system32\rsaenh.dll
0x00007ffe04e40000 - 0x00007ffe04e65000 	C:\WINDOWS\SYSTEM32\bcrypt.dll
0x00007ffe05240000 - 0x00007ffe05268000 	C:\WINDOWS\SYSTEM32\USERENV.dll
0x00007ffe04d30000 - 0x00007ffe04d3b000 	C:\WINDOWS\SYSTEM32\CRYPTBASE.dll
0x00007ffe048f0000 - 0x00007ffe04928000 	C:\WINDOWS\SYSTEM32\IPHLPAPI.DLL
0x00007ffe07bd0000 - 0x00007ffe07bd8000 	C:\WINDOWS\System32\NSI.dll
0x00007ffdfd130000 - 0x00007ffdfd146000 	C:\WINDOWS\SYSTEM32\dhcpcsvc6.DLL
0x00007ffdfd6f0000 - 0x00007ffdfd70a000 	C:\WINDOWS\SYSTEM32\dhcpcsvc.DLL

VM Arguments:
jvm_args: -Xmx1536m -Dfile.encoding=GBK -Duser.country=CN -Duser.language=zh -Duser.variant 
java_command: org.gradle.launcher.daemon.bootstrap.GradleDaemon 4.4
java_class_path (initial): C:\Users\hmwan\.gradle\wrapper\dists\gradle-4.4-all\9br9xq1tocpiv8o6njlyu5op1\gradle-4.4\lib\gradle-launcher-4.4.jar
Launcher Type: SUN_STANDARD

Environment Variables:
PATH=C:\ProgramData\Oracle\Java\javapath;C:\WINDOWS\system32;C:\WINDOWS;C:\WINDOWS\System32\Wbem;C:\WINDOWS\System32\WindowsPowerShell\v1.0\;C:\WINDOWS\System32\OpenSSH\;C:\Program Files\Git\cmd;C:\Users\hmwan\AppData\Local\Microsoft\WindowsApps;D:\Android Development Resources\adb1.0.32\adb;
USERNAME=hmwan
OS=Windows_NT
PROCESSOR_IDENTIFIER=Intel64 Family 6 Model 58 Stepping 9, GenuineIntel



---------------  S Y S T E M  ---------------

OS: Windows 10.0 , 64 bit Build 17134 (10.0.17134.753)

CPU:total 4 (2 cores per cpu, 2 threads per core) family 6 model 58 stepping 9, cmov, cx8, fxsr, mmx, sse, sse2, sse3, ssse3, sse4.1, sse4.2, popcnt, avx, aes, clmul, erms, ht, tsc, tscinvbit, tscinv

Memory: 4k page, physical 4005144k(217444k free), swap 10478356k(312k free)

vm_info: OpenJDK 64-Bit Server VM (25.112-b06) for windows-amd64 JRE (1.8.0_112-release-b06), built on Dec  8 2016 00:54:26 by "builder" with MS VC++ 10.0 (VS2010)

time: Tue Aug 13 18:54:04 2019
elapsed time: 1037 seconds (0d 0h 17m 17s)

