#
# There is insufficient memory for the Java Runtime Environment to continue.
# Native memory allocation (malloc) failed to allocate 1070096 bytes for Chunk::new
# Possible reasons:
#   The system is out of physical RAM or swap space
#   In 32 bit mode, the process size limit was hit
# Possible solutions:
#   Reduce memory load on the system
#   Increase physical memory or swap space
#   Check if swap backing store is full
#   Use 64 bit Java on a 64 bit OS
#   Decrease Java heap size (-Xmx/-Xms)
#   Decrease number of Java threads
#   Decrease Java thread stack sizes (-Xss)
#   Set larger code cache with -XX:ReservedCodeCacheSize=
# This output file may be truncated or incomplete.
#
#  Out of Memory Error (allocation.cpp:390), pid=18132, tid=0x00000000000013e4
#
# JRE version: OpenJDK Runtime Environment (8.0_112-b06) (build 1.8.0_112-release-b06)
# Java VM: OpenJDK 64-Bit Server VM (25.112-b06 mixed mode windows-amd64 compressed oops)
# Failed to write core dump. Minidumps are not enabled by default on client versions of Windows
#

---------------  T H R E A D  ---------------

Current thread (0x0000000016940800):  JavaThread "C2 CompilerThread0" daemon [_thread_in_native, id=5092, stack(0x0000000018290000,0x0000000018390000)]

Stack: [0x0000000018290000,0x0000000018390000]
[error occurred during error reporting (printing stack bounds), id 0xc0000005]

Native frames: (J=compiled Java code, j=interpreted, Vv=VM code, C=native code)


Current CompileTask:
C2: 258796 15736   !   4       org.gradle.api.internal.AbstractClassGenerator::generateUnderLock (1123 bytes)


---------------  P R O C E S S  ---------------

Java Threads: ( => current thread )
  0x000000001cd18800 JavaThread "build operations Thread 4" [_thread_blocked, id=15792, stack(0x0000000026710000,0x0000000026810000)]
  0x000000001cd18000 JavaThread "build operations Thread 3" [_thread_blocked, id=3908, stack(0x0000000026610000,0x0000000026710000)]
  0x000000001cd1a000 JavaThread "build operations Thread 2" [_thread_blocked, id=17640, stack(0x0000000026510000,0x0000000026610000)]
  0x000000001cd17000 JavaThread "build operations" [_thread_blocked, id=628, stack(0x0000000026410000,0x0000000026510000)]
  0x000000001cd0b800 JavaThread "Cache worker for Artifact transforms cache (C:\Users\hmwan\.gradle\caches\transforms-1)" [_thread_blocked, id=7136, stack(0x0000000026310000,0x0000000026410000)]
  0x000000001cd12800 JavaThread "Cache worker for file hash cache (C:\Users\hmwan\Documents\Projects\Printer-AS-Git\.gradle\4.4\fileHashes)" [_thread_blocked, id=564, stack(0x0000000026210000,0x0000000026310000)]
  0x000000001cd0b000 JavaThread "Stdin handler" [_thread_blocked, id=8980, stack(0x0000000026110000,0x0000000026210000)]
  0x000000001cd0f800 JavaThread "Asynchronous log dispatcher for DefaultDaemonConnection: socket connection from /127.0.0.1:60987 to /127.0.0.1:61347" [_thread_blocked, id=9144, stack(0x0000000026010000,0x0000000026110000)]
  0x000000001cd10000 JavaThread "Daemon worker Thread 2" [_thread_in_native, id=18052, stack(0x0000000025f10000,0x0000000026010000)]
  0x000000001cd11800 JavaThread "Cancel handler" [_thread_blocked, id=13328, stack(0x0000000025e10000,0x0000000025f10000)]
  0x000000001cd0e000 JavaThread "Handler for socket connection from /127.0.0.1:60987 to /127.0.0.1:61347" [_thread_in_native, id=9816, stack(0x0000000025d10000,0x0000000025e10000)]
  0x000000001cd0d000 JavaThread "Daemon Thread 2" [_thread_blocked, id=996, stack(0x0000000025c10000,0x0000000025d10000)]
  0x000000001cd0e800 JavaThread "pool-3-thread-2" [_thread_blocked, id=20176, stack(0x0000000025810000,0x0000000025910000)]
  0x0000000019b1d800 JavaThread "pool-3-thread-1" [_thread_blocked, id=2816, stack(0x0000000025010000,0x0000000025110000)]
  0x0000000019b12000 JavaThread "Memory manager" [_thread_blocked, id=18916, stack(0x0000000020c50000,0x0000000020d50000)]
  0x0000000019139000 JavaThread "File lock request listener" [_thread_in_native, id=16088, stack(0x000000001bee0000,0x000000001bfe0000)]
  0x0000000018919000 JavaThread "Cache worker for file hash cache (C:\Users\hmwan\.gradle\caches\4.4\fileHashes)" [_thread_blocked, id=19840, stack(0x000000001ae10000,0x000000001af10000)]
  0x0000000018b1a000 JavaThread "Daemon periodic checks" [_thread_blocked, id=9260, stack(0x000000001a310000,0x000000001a410000)]
  0x0000000018b29000 JavaThread "Incoming local TCP Connector on port 60987" [_thread_in_native, id=11000, stack(0x000000001a160000,0x000000001a260000)]
  0x0000000017ced800 JavaThread "Service Thread" daemon [_thread_blocked, id=16048, stack(0x0000000018590000,0x0000000018690000)]
  0x0000000017ce6000 JavaThread "C1 CompilerThread2" daemon [_thread_blocked, id=7548, stack(0x0000000018490000,0x0000000018590000)]
  0x0000000016989000 JavaThread "C2 CompilerThread1" daemon [_thread_blocked, id=8200, stack(0x0000000018390000,0x0000000018490000)]
=>0x0000000016940800 JavaThread "C2 CompilerThread0" daemon [_thread_in_native, id=5092, stack(0x0000000018290000,0x0000000018390000)]
  0x0000000016987800 JavaThread "Attach Listener" daemon [_thread_blocked, id=5548, stack(0x0000000018190000,0x0000000018290000)]
  0x0000000017c98800 JavaThread "Signal Dispatcher" daemon [_thread_blocked, id=13504, stack(0x0000000018090000,0x0000000018190000)]
  0x0000000016918800 JavaThread "Finalizer" daemon [_thread_blocked, id=18012, stack(0x0000000017b90000,0x0000000017c90000)]
  0x0000000002ec0000 JavaThread "Reference Handler" daemon [_thread_blocked, id=5880, stack(0x0000000017a90000,0x0000000017b90000)]
  0x0000000002dd0800 JavaThread "main" [_thread_blocked, id=9892, stack(0x0000000002930000,0x0000000002a30000)]

Other Threads:
  0x00000000168f5800 VMThread [stack: 0x0000000017990000,0x0000000017a90000] [id=10256]
  0x0000000017cee800 WatcherThread [stack: 0x0000000018690000,0x0000000018790000] [id=2260]

VM state:not at safepoint (normal execution)

VM Mutex/Monitor currently owned by a thread: None

Heap:
 PSYoungGen      total 218624K, used 155071K [0x00000000e0000000, 0x00000000f1600000, 0x0000000100000000)
  eden space 186368K, 82% used [0x00000000e0000000,0x00000000e96cdee8,0x00000000eb600000)
  from space 32256K, 4% used [0x00000000eb600000,0x00000000eb78af80,0x00000000ed580000)
  to   space 31232K, 0% used [0x00000000ef780000,0x00000000ef780000,0x00000000f1600000)
 ParOldGen       total 218112K, used 124411K [0x00000000a0000000, 0x00000000ad500000, 0x00000000e0000000)
  object space 218112K, 57% used [0x00000000a0000000,0x00000000a797ef40,0x00000000ad500000)
 Metaspace       used 71323K, capacity 74436K, committed 74584K, reserved 1114112K
  class space    used 8775K, capacity 9517K, committed 9600K, reserved 1048576K

Card table byte_map: [0x0000000012380000,0x0000000012690000] byte_map_base: 0x0000000011e80000

Marking Bits: (ParMarkBitMap*) 0x0000000077d418f0
 Begin Bits: [0x0000000012c90000, 0x0000000014490000)
 End Bits:   [0x0000000014490000, 0x0000000015c90000)

Polling page: 0x0000000002a30000

CodeCache: size=245760Kb used=46421Kb max_used=46428Kb free=199338Kb
 bounds [0x0000000002fc0000, 0x0000000005d60000, 0x0000000011fc0000]
 total_blobs=13760 nmethods=12944 adapters=727
 compilation: enabled

Compilation events (10 events):
Event: 258.300 Thread 0x0000000016989000 15747       4       java.util.LinkedHashSet::<init> (9 bytes)
Event: 258.304 Thread 0x0000000016989000 nmethod 15747 0x0000000005d4aa90 code [0x0000000005d4abe0, 0x0000000005d4ad98]
Event: 258.485 Thread 0x0000000017ce6000 15748       3       org.gradle.api.internal.artifacts.ivyservice.modulecache.ModuleMetadataSerializer$Reader::readString (10 bytes)
Event: 258.485 Thread 0x0000000017ce6000 nmethod 15748 0x0000000005d4a650 code [0x0000000005d4a7c0, 0x0000000005d4a9e8]
Event: 258.517 Thread 0x0000000017ce6000 15749       1       org.gradle.api.internal.artifacts.ivyservice.resolutionstrategy.DefaultCachePolicy$AbstractResolutionControl::ruleMatch (5 bytes)
Event: 258.518 Thread 0x0000000017ce6000 nmethod 15749 0x0000000005d4c750 code [0x0000000005d4c8a0, 0x0000000005d4c9b0]
Event: 258.535 Thread 0x0000000017ce6000 15750       1       org.gradle.api.internal.artifacts.ivyservice.modulecache.ModuleComponentAtRepositoryKey::getComponentId (5 bytes)
Event: 258.536 Thread 0x0000000017ce6000 nmethod 15750 0x0000000005d4c490 code [0x0000000005d4c5e0, 0x0000000005d4c6f0]
Event: 258.536 Thread 0x0000000017ce6000 15751       1       org.gradle.api.internal.artifacts.ivyservice.modulecache.ModuleComponentAtRepositoryKey::getRepositoryId (5 bytes)
Event: 258.537 Thread 0x0000000017ce6000 nmethod 15751 0x0000000005d4c1d0 code [0x0000000005d4c320, 0x0000000005d4c430]

GC Heap History (10 events):
Event: 141.838 GC heap before
{Heap before GC invocations=27 (full 4):
 PSYoungGen      total 186880K, used 167045K [0x00000000e0000000, 0x00000000edc00000, 0x0000000100000000)
  eden space 163840K, 95% used [0x00000000e0000000,0x00000000e994f780,0x00000000ea000000)
  from space 23040K, 43% used [0x00000000ec580000,0x00000000ecf51db0,0x00000000edc00000)
  to   space 30720K, 0% used [0x00000000ea000000,0x00000000ea000000,0x00000000ebe00000)
 ParOldGen       total 218112K, used 114574K [0x00000000a0000000, 0x00000000ad500000, 0x00000000e0000000)
  object space 218112K, 52% used [0x00000000a0000000,0x00000000a6fe39d0,0x00000000ad500000)
 Metaspace       used 67878K, capacity 70626K, committed 70744K, reserved 1112064K
  class space    used 8439K, capacity 9070K, committed 9088K, reserved 1048576K
Event: 141.904 GC heap after
Heap after GC invocations=27 (full 4):
 PSYoungGen      total 194560K, used 13537K [0x00000000e0000000, 0x00000000ef200000, 0x0000000100000000)
  eden space 163840K, 0% used [0x00000000e0000000,0x00000000e0000000,0x00000000ea000000)
  from space 30720K, 44% used [0x00000000ea000000,0x00000000ead38420,0x00000000ebe00000)
  to   space 29184K, 0% used [0x00000000ed580000,0x00000000ed580000,0x00000000ef200000)
 ParOldGen       total 218112K, used 114838K [0x00000000a0000000, 0x00000000ad500000, 0x00000000e0000000)
  object space 218112K, 52% used [0x00000000a0000000,0x00000000a70259e8,0x00000000ad500000)
 Metaspace       used 67878K, capacity 70626K, committed 70744K, reserved 1112064K
  class space    used 8439K, capacity 9070K, committed 9088K, reserved 1048576K
}
Event: 148.846 GC heap before
{Heap before GC invocations=28 (full 4):
 PSYoungGen      total 194560K, used 173657K [0x00000000e0000000, 0x00000000ef200000, 0x0000000100000000)
  eden space 163840K, 97% used [0x00000000e0000000,0x00000000e9c5e228,0x00000000ea000000)
  from space 30720K, 44% used [0x00000000ea000000,0x00000000ead38420,0x00000000ebe00000)
  to   space 29184K, 0% used [0x00000000ed580000,0x00000000ed580000,0x00000000ef200000)
 ParOldGen       total 218112K, used 114838K [0x00000000a0000000, 0x00000000ad500000, 0x00000000e0000000)
  object space 218112K, 52% used [0x00000000a0000000,0x00000000a70259e8,0x00000000ad500000)
 Metaspace       used 68802K, capacity 71584K, committed 71768K, reserved 1112064K
  class space    used 8582K, capacity 9253K, committed 9344K, reserved 1048576K
Event: 148.908 GC heap after
Heap after GC invocations=28 (full 4):
 PSYoungGen      total 215552K, used 26466K [0x00000000e0000000, 0x00000000ef580000, 0x0000000100000000)
  eden space 186368K, 0% used [0x00000000e0000000,0x00000000e0000000,0x00000000eb600000)
  from space 29184K, 90% used [0x00000000ed580000,0x00000000eef58928,0x00000000ef200000)
  to   space 32256K, 0% used [0x00000000eb600000,0x00000000eb600000,0x00000000ed580000)
 ParOldGen       total 218112K, used 114846K [0x00000000a0000000, 0x00000000ad500000, 0x00000000e0000000)
  object space 218112K, 52% used [0x00000000a0000000,0x00000000a70279e8,0x00000000ad500000)
 Metaspace       used 68802K, capacity 71584K, committed 71768K, reserved 1112064K
  class space    used 8582K, capacity 9253K, committed 9344K, reserved 1048576K
}
Event: 152.098 GC heap before
{Heap before GC invocations=29 (full 4):
 PSYoungGen      total 215552K, used 212264K [0x00000000e0000000, 0x00000000ef580000, 0x0000000100000000)
  eden space 186368K, 99% used [0x00000000e0000000,0x00000000eb5716e8,0x00000000eb600000)
  from space 29184K, 90% used [0x00000000ed580000,0x00000000eef58928,0x00000000ef200000)
  to   space 32256K, 0% used [0x00000000eb600000,0x00000000eb600000,0x00000000ed580000)
 ParOldGen       total 218112K, used 114846K [0x00000000a0000000, 0x00000000ad500000, 0x00000000e0000000)
  object space 218112K, 52% used [0x00000000a0000000,0x00000000a70279e8,0x00000000ad500000)
 Metaspace       used 68846K, capacity 71670K, committed 71768K, reserved 1112064K
  class space    used 8589K, capacity 9260K, committed 9344K, reserved 1048576K
Event: 152.833 GC heap after
Heap after GC invocations=29 (full 4):
 PSYoungGen      total 218624K, used 16359K [0x00000000e0000000, 0x00000000f1600000, 0x0000000100000000)
  eden space 186368K, 0% used [0x00000000e0000000,0x00000000e0000000,0x00000000eb600000)
  from space 32256K, 50% used [0x00000000eb600000,0x00000000ec5f9fa0,0x00000000ed580000)
  to   space 31232K, 0% used [0x00000000ef780000,0x00000000ef780000,0x00000000f1600000)
 ParOldGen       total 218112K, used 114854K [0x00000000a0000000, 0x00000000ad500000, 0x00000000e0000000)
  object space 218112K, 52% used [0x00000000a0000000,0x00000000a70299e8,0x00000000ad500000)
 Metaspace       used 68846K, capacity 71670K, committed 71768K, reserved 1112064K
  class space    used 8589K, capacity 9260K, committed 9344K, reserved 1048576K
}
Event: 152.919 GC heap before
{Heap before GC invocations=30 (full 4):
 PSYoungGen      total 218624K, used 202680K [0x00000000e0000000, 0x00000000f1600000, 0x0000000100000000)
  eden space 186368K, 99% used [0x00000000e0000000,0x00000000eb5f4228,0x00000000eb600000)
  from space 32256K, 50% used [0x00000000eb600000,0x00000000ec5f9fa0,0x00000000ed580000)
  to   space 31232K, 0% used [0x00000000ef780000,0x00000000ef780000,0x00000000f1600000)
 ParOldGen       total 218112K, used 114854K [0x00000000a0000000, 0x00000000ad500000, 0x00000000e0000000)
  object space 218112K, 52% used [0x00000000a0000000,0x00000000a70299e8,0x00000000ad500000)
 Metaspace       used 68851K, capacity 71670K, committed 71768K, reserved 1112064K
  class space    used 8589K, capacity 9260K, committed 9344K, reserved 1048576K
Event: 153.004 GC heap after
Heap after GC invocations=30 (full 4):
 PSYoungGen      total 217600K, used 6998K [0x00000000e0000000, 0x00000000f1600000, 0x0000000100000000)
  eden space 186368K, 0% used [0x00000000e0000000,0x00000000e0000000,0x00000000eb600000)
  from space 31232K, 22% used [0x00000000ef780000,0x00000000efe55848,0x00000000f1600000)
  to   space 32256K, 0% used [0x00000000eb600000,0x00000000eb600000,0x00000000ed580000)
 ParOldGen       total 218112K, used 123785K [0x00000000a0000000, 0x00000000ad500000, 0x00000000e0000000)
  object space 218112K, 56% used [0x00000000a0000000,0x00000000a78e25c8,0x00000000ad500000)
 Metaspace       used 68851K, capacity 71670K, committed 71768K, reserved 1112064K
  class space    used 8589K, capacity 9260K, committed 9344K, reserved 1048576K
}
Event: 157.068 GC heap before
{Heap before GC invocations=31 (full 4):
 PSYoungGen      total 217600K, used 193366K [0x00000000e0000000, 0x00000000f1600000, 0x0000000100000000)
  eden space 186368K, 100% used [0x00000000e0000000,0x00000000eb600000,0x00000000eb600000)
  from space 31232K, 22% used [0x00000000ef780000,0x00000000efe55848,0x00000000f1600000)
  to   space 32256K, 0% used [0x00000000eb600000,0x00000000eb600000,0x00000000ed580000)
 ParOldGen       total 218112K, used 123785K [0x00000000a0000000, 0x00000000ad500000, 0x00000000e0000000)
  object space 218112K, 56% used [0x00000000a0000000,0x00000000a78e25c8,0x00000000ad500000)
 Metaspace       used 70512K, capacity 73290K, committed 73432K, reserved 1114112K
  class space    used 8717K, capacity 9366K, committed 9472K, reserved 1048576K
Event: 157.078 GC heap after
Heap after GC invocations=31 (full 4):
 PSYoungGen      total 218624K, used 1579K [0x00000000e0000000, 0x00000000f1600000, 0x0000000100000000)
  eden space 186368K, 0% used [0x00000000e0000000,0x00000000e0000000,0x00000000eb600000)
  from space 32256K, 4% used [0x00000000eb600000,0x00000000eb78af80,0x00000000ed580000)
  to   space 31232K, 0% used [0x00000000ef780000,0x00000000ef780000,0x00000000f1600000)
 ParOldGen       total 218112K, used 124411K [0x00000000a0000000, 0x00000000ad500000, 0x00000000e0000000)
  object space 218112K, 57% used [0x00000000a0000000,0x00000000a797ef40,0x00000000ad500000)
 Metaspace       used 70512K, capacity 73290K, committed 73432K, reserved 1114112K
  class space    used 8717K, capacity 9366K, committed 9472K, reserved 1048576K
}

Deoptimization events (10 events):
Event: 157.291 Thread 0x0000000018ebc000 Uncommon trap: reason=unstable_if action=reinterpret pc=0x0000000004455474 method=com.esotericsoftware.kryo.io.Input.require(I)I @ 117
Event: 243.940 Thread 0x000000001cd10000 Uncommon trap: reason=unstable_if action=reinterpret pc=0x0000000005a80ed4 method=java.util.Calendar.setTimeInMillis(J)V @ 27
Event: 244.436 Thread 0x000000001cd10000 Uncommon trap: reason=unstable_if action=reinterpret pc=0x0000000004aef8a8 method=org.gradle.internal.hash.HashCode.equals(Ljava/lang/Object;)Z @ 2
Event: 244.473 Thread 0x000000001cd10000 Uncommon trap: reason=class_check action=maybe_recompile pc=0x0000000004988378 method=org.gradle.model.internal.registry.RuleBindings$NodeAtStateIndex.get(Lorg/gradle/model/internal/registry/NodeAtState;)Ljava/util/Collection; @ 13
Event: 244.475 Thread 0x000000001cd10000 Uncommon trap: reason=class_check action=maybe_recompile pc=0x0000000004988378 method=org.gradle.model.internal.registry.RuleBindings$NodeAtStateIndex.get(Lorg/gradle/model/internal/registry/NodeAtState;)Ljava/util/Collection; @ 13
Event: 244.505 Thread 0x000000001cd10000 Uncommon trap: reason=class_check action=maybe_recompile pc=0x0000000004988378 method=org.gradle.model.internal.registry.RuleBindings$NodeAtStateIndex.get(Lorg/gradle/model/internal/registry/NodeAtState;)Ljava/util/Collection; @ 13
Event: 244.506 Thread 0x000000001cd10000 Uncommon trap: reason=class_check action=maybe_recompile pc=0x0000000004988378 method=org.gradle.model.internal.registry.RuleBindings$NodeAtStateIndex.get(Lorg/gradle/model/internal/registry/NodeAtState;)Ljava/util/Collection; @ 13
Event: 252.260 Thread 0x000000001cd10000 Uncommon trap: reason=null_check action=make_not_entrant pc=0x00000000054e73a0 method=com.sun.org.apache.xerces.internal.dom.ElementImpl.getDefaultAttributes()Lcom/sun/org/apache/xerces/internal/dom/NamedNodeMapImpl; @ 7
Event: 253.057 Thread 0x000000001cd10000 Uncommon trap: reason=unstable_if action=reinterpret pc=0x0000000005342c30 method=java.util.ArrayList.remove(Ljava/lang/Object;)Z @ 46
Event: 254.119 Thread 0x000000001cd10000 Uncommon trap: reason=null_check action=make_not_entrant pc=0x0000000005c6d660 method=org.gradle.api.internal.collections.CollectionFilter.filter(Ljava/lang/Object;)Ljava/lang/Object; @ 5

Internal exceptions (10 events):
Event: 249.731 Thread 0x000000001cd10000 Exception <a 'sun/nio/fs/WindowsException'> (0x00000000e3cecb68) thrown at [C:\src\android\AOSP-openjdk\external\jetbrains\jdk\hotspot\src\share\vm\prims\jni.cpp, line 709]
Event: 249.732 Thread 0x000000001cd10000 Exception <a 'sun/nio/fs/WindowsException'> (0x00000000e3ced830) thrown at [C:\src\android\AOSP-openjdk\external\jetbrains\jdk\hotspot\src\share\vm\prims\jni.cpp, line 709]
Event: 249.732 Thread 0x000000001cd10000 Exception <a 'sun/nio/fs/WindowsException'> (0x00000000e3cef910) thrown at [C:\src\android\AOSP-openjdk\external\jetbrains\jdk\hotspot\src\share\vm\prims\jni.cpp, line 709]
Event: 249.733 Thread 0x000000001cd10000 Exception <a 'sun/nio/fs/WindowsException'> (0x00000000e3cf0610) thrown at [C:\src\android\AOSP-openjdk\external\jetbrains\jdk\hotspot\src\share\vm\prims\jni.cpp, line 709]
Event: 249.740 Thread 0x000000001cd10000 Exception <a 'sun/nio/fs/WindowsException'> (0x00000000e3cf3328) thrown at [C:\src\android\AOSP-openjdk\external\jetbrains\jdk\hotspot\src\share\vm\prims\jni.cpp, line 709]
Event: 249.741 Thread 0x000000001cd10000 Exception <a 'sun/nio/fs/WindowsException'> (0x00000000e3cf4068) thrown at [C:\src\android\AOSP-openjdk\external\jetbrains\jdk\hotspot\src\share\vm\prims\jni.cpp, line 709]
Event: 249.741 Thread 0x000000001cd10000 Exception <a 'sun/nio/fs/WindowsException'> (0x00000000e3cf61c0) thrown at [C:\src\android\AOSP-openjdk\external\jetbrains\jdk\hotspot\src\share\vm\prims\jni.cpp, line 709]
Event: 249.741 Thread 0x000000001cd10000 Exception <a 'sun/nio/fs/WindowsException'> (0x00000000e3cf6f38) thrown at [C:\src\android\AOSP-openjdk\external\jetbrains\jdk\hotspot\src\share\vm\prims\jni.cpp, line 709]
Event: 252.260 Thread 0x000000001cd10000 Implicit null exception at 0x00000000054e694b to 0x00000000054e7391
Event: 254.119 Thread 0x000000001cd10000 Implicit null exception at 0x0000000005c6d51f to 0x0000000005c6d64d

Events (10 events):
Event: 255.139 Executing VM operation: RevokeBias
Event: 255.139 Executing VM operation: RevokeBias done
Event: 255.139 Executing VM operation: RevokeBias
Event: 255.140 Executing VM operation: RevokeBias done
Event: 258.003 Executing VM operation: RevokeBias
Event: 258.003 Executing VM operation: RevokeBias done
Event: 258.004 Executing VM operation: RevokeBias
Event: 258.004 Executing VM operation: RevokeBias done
Event: 258.012 Executing VM operation: RevokeBias
Event: 258.013 Executing VM operation: RevokeBias done


Dynamic libraries:
0x00007ff6c5030000 - 0x00007ff6c5061000 	C:\Program Files\Android\Android Studio\jre\bin\java.exe
0x00007ffe09030000 - 0x00007ffe09211000 	C:\WINDOWS\SYSTEM32\ntdll.dll
0x00007ffe08430000 - 0x00007ffe084e1000 	C:\WINDOWS\System32\KERNEL32.DLL
0x00007ffe056f0000 - 0x00007ffe05963000 	C:\WINDOWS\System32\KERNELBASE.dll
0x00007ffe08770000 - 0x00007ffe08811000 	C:\WINDOWS\System32\ADVAPI32.dll
0x00007ffe07a40000 - 0x00007ffe07ade000 	C:\WINDOWS\System32\msvcrt.dll
0x00007ffe08820000 - 0x00007ffe0887b000 	C:\WINDOWS\System32\sechost.dll
0x00007ffe064d0000 - 0x00007ffe065f4000 	C:\WINDOWS\System32\RPCRT4.dll
0x00007ffe08240000 - 0x00007ffe083d0000 	C:\WINDOWS\System32\USER32.dll
0x00007ffe056d0000 - 0x00007ffe056f0000 	C:\WINDOWS\System32\win32u.dll
0x00007ffe07dc0000 - 0x00007ffe07de8000 	C:\WINDOWS\System32\GDI32.dll
0x00007ffe06320000 - 0x00007ffe064b1000 	C:\WINDOWS\System32\gdi32full.dll
0x00007ffe05580000 - 0x00007ffe0561f000 	C:\WINDOWS\System32\msvcp_win.dll
0x00007ffe05480000 - 0x00007ffe05578000 	C:\WINDOWS\System32\ucrtbase.dll
0x00007ffdf1b80000 - 0x00007ffdf1de9000 	C:\WINDOWS\WinSxS\amd64_microsoft.windows.common-controls_6595b64144ccf1df_6.0.17134.885_none_fb42a3473065565f\COMCTL32.dll
0x00007ffe088b0000 - 0x00007ffe08bd2000 	C:\WINDOWS\System32\combase.dll
0x00007ffe05400000 - 0x00007ffe05479000 	C:\WINDOWS\System32\bcryptPrimitives.dll
0x00007ffe085c0000 - 0x00007ffe085ed000 	C:\WINDOWS\System32\IMM32.DLL
0x0000000077250000 - 0x0000000077322000 	C:\Program Files\Android\Android Studio\jre\jre\bin\msvcr100.dll
0x0000000077580000 - 0x0000000077dbc000 	C:\Program Files\Android\Android Studio\jre\jre\bin\server\jvm.dll
0x00007ffe088a0000 - 0x00007ffe088a8000 	C:\WINDOWS\System32\PSAPI.DLL
0x00007ffdf9500000 - 0x00007ffdf9509000 	C:\WINDOWS\SYSTEM32\WSOCK32.dll
0x00007ffe08550000 - 0x00007ffe085bc000 	C:\WINDOWS\System32\WS2_32.dll
0x00007ffe02f30000 - 0x00007ffe02f53000 	C:\WINDOWS\SYSTEM32\WINMM.dll
0x00007ffdf5a20000 - 0x00007ffdf5a2a000 	C:\WINDOWS\SYSTEM32\VERSION.dll
0x00007ffe02bc0000 - 0x00007ffe02bea000 	C:\WINDOWS\SYSTEM32\WINMMBASE.dll
0x00007ffe060e0000 - 0x00007ffe06129000 	C:\WINDOWS\System32\cfgmgr32.dll
0x00007ffdf90a0000 - 0x00007ffdf90af000 	C:\Program Files\Android\Android Studio\jre\jre\bin\verify.dll
0x00007ffdf2c30000 - 0x00007ffdf2c59000 	C:\Program Files\Android\Android Studio\jre\jre\bin\java.dll
0x00007ffdf2f30000 - 0x00007ffdf2f46000 	C:\Program Files\Android\Android Studio\jre\jre\bin\zip.dll
0x00007ffe06600000 - 0x00007ffe07a40000 	C:\WINDOWS\System32\SHELL32.dll
0x00007ffe085f0000 - 0x00007ffe08699000 	C:\WINDOWS\System32\shcore.dll
0x00007ffe059d0000 - 0x00007ffe060dd000 	C:\WINDOWS\System32\windows.storage.dll
0x00007ffe083d0000 - 0x00007ffe08421000 	C:\WINDOWS\System32\shlwapi.dll
0x00007ffe05370000 - 0x00007ffe05381000 	C:\WINDOWS\System32\kernel.appcore.dll
0x00007ffe05350000 - 0x00007ffe0536f000 	C:\WINDOWS\System32\profapi.dll
0x00007ffe05390000 - 0x00007ffe053dc000 	C:\WINDOWS\System32\powrprof.dll
0x00007ffe05340000 - 0x00007ffe0534a000 	C:\WINDOWS\System32\FLTLIB.DLL
0x00007ffdf2b40000 - 0x00007ffdf2b5a000 	C:\Program Files\Android\Android Studio\jre\jre\bin\net.dll
0x00007ffe04b60000 - 0x00007ffe04bc6000 	C:\WINDOWS\system32\mswsock.dll
0x00007ffddf4d0000 - 0x00007ffddf4e1000 	C:\Program Files\Android\Android Studio\jre\jre\bin\nio.dll
0x00007ffdf9180000 - 0x00007ffdf919e000 	C:\Users\hmwan\.gradle\native\25\windows-amd64\native-platform.dll
0x00007ffdf9090000 - 0x00007ffdf909d000 	C:\Program Files\Android\Android Studio\jre\jre\bin\management.dll
0x00007ffe04d10000 - 0x00007ffe04d27000 	C:\WINDOWS\SYSTEM32\CRYPTSP.dll
0x00007ffe04750000 - 0x00007ffe04783000 	C:\WINDOWS\system32\rsaenh.dll
0x00007ffe04e40000 - 0x00007ffe04e65000 	C:\WINDOWS\SYSTEM32\bcrypt.dll
0x00007ffe05240000 - 0x00007ffe05268000 	C:\WINDOWS\SYSTEM32\USERENV.dll
0x00007ffe04d30000 - 0x00007ffe04d3b000 	C:\WINDOWS\SYSTEM32\CRYPTBASE.dll
0x00007ffe048f0000 - 0x00007ffe04928000 	C:\WINDOWS\SYSTEM32\IPHLPAPI.DLL
0x00007ffe07bd0000 - 0x00007ffe07bd8000 	C:\WINDOWS\System32\NSI.dll
0x00007ffdfd130000 - 0x00007ffdfd146000 	C:\WINDOWS\SYSTEM32\dhcpcsvc6.DLL
0x00007ffdfd6f0000 - 0x00007ffdfd70a000 	C:\WINDOWS\SYSTEM32\dhcpcsvc.DLL

VM Arguments:
jvm_args: -Xmx1536m -Dfile.encoding=GBK -Duser.country=CN -Duser.language=zh -Duser.variant 
java_command: org.gradle.launcher.daemon.bootstrap.GradleDaemon 4.4
java_class_path (initial): C:\Users\hmwan\.gradle\wrapper\dists\gradle-4.4-all\9br9xq1tocpiv8o6njlyu5op1\gradle-4.4\lib\gradle-launcher-4.4.jar
Launcher Type: SUN_STANDARD

Environment Variables:
PATH=C:\ProgramData\Oracle\Java\javapath;C:\WINDOWS\system32;C:\WINDOWS;C:\WINDOWS\System32\Wbem;C:\WINDOWS\System32\WindowsPowerShell\v1.0\;C:\WINDOWS\System32\OpenSSH\;C:\Program Files\Git\cmd;C:\Users\hmwan\AppData\Local\Microsoft\WindowsApps;D:\Android Development Resources\adb1.0.32\adb;
USERNAME=hmwan
OS=Windows_NT
PROCESSOR_IDENTIFIER=Intel64 Family 6 Model 58 Stepping 9, GenuineIntel



---------------  S Y S T E M  ---------------

OS: Windows 10.0 , 64 bit Build 17134 (10.0.17134.753)

CPU:total 4 (2 cores per cpu, 2 threads per core) family 6 model 58 stepping 9, cmov, cx8, fxsr, mmx, sse, sse2, sse3, ssse3, sse4.1, sse4.2, popcnt, avx, aes, clmul, erms, ht, tsc, tscinvbit, tscinv

Memory: 4k page, physical 4005144k(225644k free), swap 10478356k(10500k free)

vm_info: OpenJDK 64-Bit Server VM (25.112-b06) for windows-amd64 JRE (1.8.0_112-release-b06), built on Dec  8 2016 00:54:26 by "builder" with MS VC++ 10.0 (VS2010)

time: Tue Aug 13 20:05:00 2019
elapsed time: 258 seconds (0d 0h 4m 18s)

