#
# There is insufficient memory for the Java Runtime Environment to continue.
# Native memory allocation (malloc) failed to allocate 1492016 bytes for Chunk::new
# Possible reasons:
#   The system is out of physical RAM or swap space
#   In 32 bit mode, the process size limit was hit
# Possible solutions:
#   Reduce memory load on the system
#   Increase physical memory or swap space
#   Check if swap backing store is full
#   Use 64 bit Java on a 64 bit OS
#   Decrease Java heap size (-Xmx/-Xms)
#   Decrease number of Java threads
#   Decrease Java thread stack sizes (-Xss)
#   Set larger code cache with -XX:ReservedCodeCacheSize=
# This output file may be truncated or incomplete.
#
#  Out of Memory Error (allocation.cpp:390), pid=6796, tid=0x000000000000372c
#
# JRE version: OpenJDK Runtime Environment (8.0_112-b06) (build 1.8.0_112-release-b06)
# Java VM: OpenJDK 64-Bit Server VM (25.112-b06 mixed mode windows-amd64 compressed oops)
# Failed to write core dump. Minidumps are not enabled by default on client versions of Windows
#

---------------  T H R E A D  ---------------

Current thread (0x00000000165cb800):  JavaThread "C2 CompilerThread0" daemon [_thread_in_native, id=14124, stack(0x0000000017f20000,0x0000000018020000)]

Stack: [0x0000000017f20000,0x0000000018020000]
[error occurred during error reporting (printing stack bounds), id 0xc0000005]

Native frames: (J=compiled Java code, j=interpreted, Vv=VM code, C=native code)


Current CompileTask:
C2: 275126 16946       4       com.android.dx.dex.code.LocalList::make (102 bytes)


---------------  P R O C E S S  ---------------

Java Threads: ( => current thread )
  0x000000001ac0d000 JavaThread "pool-3-thread-4" [_thread_blocked, id=10628, stack(0x0000000028700000,0x0000000028800000)]
  0x000000001ac0c000 JavaThread "pool-3-thread-3" [_thread_blocked, id=1820, stack(0x0000000028400000,0x0000000028500000)]
  0x000000001ac06800 JavaThread "pool-3-thread-2" [_thread_blocked, id=11456, stack(0x0000000027900000,0x0000000027a00000)]
  0x000000001ac06000 JavaThread "pool-3-thread-1" [_thread_in_Java, id=11156, stack(0x0000000027700000,0x0000000027800000)]
  0x000000001ac02000 JavaThread "pool-2-thread-4" [_thread_blocked, id=1348, stack(0x0000000027600000,0x0000000027700000)]
  0x000000001ac01800 JavaThread "pool-2-thread-3" [_thread_blocked, id=11676, stack(0x0000000027500000,0x0000000027600000)]
  0x000000001c794800 JavaThread "pool-2-thread-2" [_thread_blocked, id=5068, stack(0x0000000027400000,0x0000000027500000)]
  0x000000001c787000 JavaThread "pool-2-thread-1" [_thread_blocked, id=9716, stack(0x0000000027300000,0x0000000027400000)]
  0x000000001c794000 JavaThread "Task worker for ':' Thread 3" [_thread_blocked, id=16844, stack(0x0000000025e00000,0x0000000025f00000)]
  0x000000001c78e000 JavaThread "Task worker for ':' Thread 2" [_thread_blocked, id=13012, stack(0x0000000025d00000,0x0000000025e00000)]
  0x000000001c792800 JavaThread "Task worker for ':'" [_thread_blocked, id=8576, stack(0x0000000025c00000,0x0000000025d00000)]
  0x000000001c790000 JavaThread "Cache worker for Build Output Cleanup Cache (C:\Users\hmwan\Documents\Projects\Printer-AS-Git\.gradle\buildOutputCleanup)" [_thread_blocked, id=11412, stack(0x0000000025b00000,0x0000000025c00000)]
  0x000000001c793000 JavaThread "Cache worker for task history cache (C:\Users\hmwan\Documents\Projects\Printer-AS-Git\.gradle\4.4\taskHistory)" [_thread_blocked, id=14788, stack(0x0000000025a00000,0x0000000025b00000)]
  0x000000001c791800 JavaThread "Cache worker for file content cache (C:\Users\hmwan\Documents\Projects\Printer-AS-Git\.gradle\4.4\fileContent)" [_thread_blocked, id=15984, stack(0x0000000025900000,0x0000000025a00000)]
  0x000000001c78e800 JavaThread "build operations Thread 4" [_thread_blocked, id=10736, stack(0x0000000025800000,0x0000000025900000)]
  0x000000001c78f800 JavaThread "build operations Thread 3" [_thread_blocked, id=5464, stack(0x0000000025700000,0x0000000025800000)]
  0x000000001c791000 JavaThread "build operations Thread 2" [_thread_blocked, id=1428, stack(0x0000000025600000,0x0000000025700000)]
  0x000000001c785800 JavaThread "build operations" [_thread_blocked, id=15668, stack(0x0000000025500000,0x0000000025600000)]
  0x000000001c786000 JavaThread "Cache worker for Artifact transforms cache (C:\Users\hmwan\.gradle\caches\transforms-1)" [_thread_blocked, id=3484, stack(0x0000000025400000,0x0000000025500000)]
  0x000000001b356000 JavaThread "Cache worker for file hash cache (C:\Users\hmwan\Documents\Projects\Printer-AS-Git\.gradle\4.4\fileHashes)" [_thread_blocked, id=6364, stack(0x0000000025300000,0x0000000025400000)]
  0x000000001b354800 JavaThread "Stdin handler" [_thread_blocked, id=17760, stack(0x0000000025200000,0x0000000025300000)]
  0x000000001b354000 JavaThread "Asynchronous log dispatcher for DefaultDaemonConnection: socket connection from /127.0.0.1:54711 to /127.0.0.1:54789" [_thread_blocked, id=10232, stack(0x0000000025100000,0x0000000025200000)]
  0x000000001b352800 JavaThread "Daemon worker Thread 2" [_thread_blocked, id=17352, stack(0x0000000025000000,0x0000000025100000)]
  0x000000001b351800 JavaThread "Cancel handler" [_thread_blocked, id=17248, stack(0x0000000024f00000,0x0000000025000000)]
  0x000000001b350000 JavaThread "Handler for socket connection from /127.0.0.1:54711 to /127.0.0.1:54789" [_thread_in_native, id=18208, stack(0x0000000024e00000,0x0000000024f00000)]
  0x000000001b34f800 JavaThread "Daemon Thread 2" [_thread_blocked, id=3620, stack(0x0000000024d00000,0x0000000024e00000)]
  0x000000001c78b000 JavaThread "Memory manager" [_thread_blocked, id=2988, stack(0x00000000209e0000,0x0000000020ae0000)]
  0x0000000019bee800 JavaThread "File lock request listener" [_thread_in_native, id=12836, stack(0x000000001bb70000,0x000000001bc70000)]
  0x000000001942f000 JavaThread "Cache worker for file hash cache (C:\Users\hmwan\.gradle\caches\4.4\fileHashes)" [_thread_blocked, id=7932, stack(0x000000001ba70000,0x000000001bb70000)]
  0x000000001919a000 JavaThread "Daemon periodic checks" [_thread_blocked, id=6072, stack(0x0000000019fa0000,0x000000001a0a0000)]
  0x0000000019142000 JavaThread "Incoming local TCP Connector on port 54711" [_thread_in_native, id=17716, stack(0x0000000019df0000,0x0000000019ef0000)]
  0x000000001797e800 JavaThread "Service Thread" daemon [_thread_blocked, id=8484, stack(0x0000000018220000,0x0000000018320000)]
  0x0000000017975800 JavaThread "C1 CompilerThread2" daemon [_thread_blocked, id=18112, stack(0x0000000018120000,0x0000000018220000)]
  0x000000001661a000 JavaThread "C2 CompilerThread1" daemon [_thread_in_native, id=15932, stack(0x0000000018020000,0x0000000018120000)]
=>0x00000000165cb800 JavaThread "C2 CompilerThread0" daemon [_thread_in_native, id=14124, stack(0x0000000017f20000,0x0000000018020000)]
  0x0000000016619800 JavaThread "Attach Listener" daemon [_thread_blocked, id=2012, stack(0x0000000017e20000,0x0000000017f20000)]
  0x0000000017928800 JavaThread "Signal Dispatcher" daemon [_thread_blocked, id=17848, stack(0x0000000017d20000,0x0000000017e20000)]
  0x00000000165a8800 JavaThread "Finalizer" daemon [_thread_blocked, id=16476, stack(0x0000000017820000,0x0000000017920000)]
  0x0000000002c40000 JavaThread "Reference Handler" daemon [_thread_blocked, id=16716, stack(0x0000000017720000,0x0000000017820000)]
  0x0000000002b50800 JavaThread "main" [_thread_blocked, id=13448, stack(0x0000000002650000,0x0000000002750000)]

Other Threads:
  0x0000000016585800 VMThread [stack: 0x0000000017620000,0x0000000017720000] [id=4572]
  0x0000000017980000 WatcherThread [stack: 0x0000000018320000,0x0000000018420000] [id=16604]

VM state:not at safepoint (normal execution)

VM Mutex/Monitor currently owned by a thread: None

Heap:
 PSYoungGen      total 249856K, used 137663K [0x00000000e0000000, 0x00000000f4700000, 0x0000000100000000)
  eden space 208384K, 66% used [0x00000000e0000000,0x00000000e866fcc8,0x00000000ecb80000)
  from space 41472K, 0% used [0x00000000ecb80000,0x00000000ecb80000,0x00000000ef400000)
  to   space 44032K, 0% used [0x00000000f1c00000,0x00000000f1c00000,0x00000000f4700000)
 ParOldGen       total 220672K, used 125884K [0x00000000a0000000, 0x00000000ad780000, 0x00000000e0000000)
  object space 220672K, 57% used [0x00000000a0000000,0x00000000a7aef3f8,0x00000000ad780000)
 Metaspace       used 74041K, capacity 78310K, committed 78612K, reserved 1118208K
  class space    used 9288K, capacity 10221K, committed 10300K, reserved 1048576K

Card table byte_map: [0x0000000012010000,0x0000000012320000] byte_map_base: 0x0000000011b10000

Marking Bits: (ParMarkBitMap*) 0x00000000670118f0
 Begin Bits: [0x0000000012920000, 0x0000000014120000)
 End Bits:   [0x0000000014120000, 0x0000000015920000)

Polling page: 0x00000000009f0000

CodeCache: size=245760Kb used=52775Kb max_used=52775Kb free=192984Kb
 bounds [0x0000000002c50000, 0x0000000006020000, 0x0000000011c50000]
 total_blobs=14786 nmethods=13978 adapters=720
 compilation: enabled

Compilation events (10 events):
Event: 274.969 Thread 0x0000000017975800 16992       3       com.android.dx.dex.file.DebugInfoEncoder::<init> (77 bytes)
Event: 274.970 Thread 0x0000000017975800 nmethod 16992 0x0000000005ff88d0 code [0x0000000005ff8a60, 0x0000000005ff8fe8]
Event: 274.970 Thread 0x0000000017975800 16995       3       com.android.dx.dex.file.DebugInfoEncoder::convert0 (246 bytes)
Event: 274.976 Thread 0x0000000017975800 nmethod 16995 0x0000000006003850 code [0x0000000006003c60, 0x0000000006006318]
Event: 274.976 Thread 0x0000000017975800 16994       3       com.android.dx.dex.file.DebugInfoEncoder$1::compare (13 bytes)
Event: 274.977 Thread 0x0000000017975800 nmethod 16994 0x0000000005ff8210 code [0x0000000005ff8380, 0x0000000005ff8750]
Event: 274.977 Thread 0x0000000017975800 16998 %     3       com.android.dx.dex.file.DebugInfoEncoder::buildSortedPositions @ 30 (68 bytes)
Event: 274.979 Thread 0x0000000017975800 nmethod 16998% 0x0000000006002110 code [0x0000000006002340, 0x0000000006003178]
Event: 274.979 Thread 0x0000000017975800 16999       3       com.android.dx.dex.file.DebugInfoEncoder::emitHeader (530 bytes)
Event: 274.982 Thread 0x000000001661a000 17003       4       com.android.dx.dex.file.DebugInfoEncoder::emitPosition (214 bytes)

GC Heap History (10 events):
Event: 247.288 GC heap before
{Heap before GC invocations=28 (full 4):
 PSYoungGen      total 188416K, used 163840K [0x00000000e0000000, 0x00000000ee680000, 0x0000000100000000)
  eden space 163840K, 100% used [0x00000000e0000000,0x00000000ea000000,0x00000000ea000000)
  from space 24576K, 0% used [0x00000000ea000000,0x00000000ea000000,0x00000000eb800000)
  to   space 25600K, 0% used [0x00000000ecd80000,0x00000000ecd80000,0x00000000ee680000)
 ParOldGen       total 152576K, used 82789K [0x00000000a0000000, 0x00000000a9500000, 0x00000000e0000000)
  object space 152576K, 54% used [0x00000000a0000000,0x00000000a50d9460,0x00000000a9500000)
 Metaspace       used 73657K, capacity 77894K, committed 78100K, reserved 1118208K
  class space    used 9283K, capacity 10189K, committed 10300K, reserved 1048576K
Event: 247.365 GC heap after
Heap after GC invocations=28 (full 4):
 PSYoungGen      total 207872K, used 20856K [0x00000000e0000000, 0x00000000ef000000, 0x0000000100000000)
  eden space 182272K, 0% used [0x00000000e0000000,0x00000000e0000000,0x00000000eb200000)
  from space 25600K, 81% used [0x00000000ecd80000,0x00000000ee1de388,0x00000000ee680000)
  to   space 28160K, 0% used [0x00000000eb200000,0x00000000eb200000,0x00000000ecd80000)
 ParOldGen       total 152576K, used 82789K [0x00000000a0000000, 0x00000000a9500000, 0x00000000e0000000)
  object space 152576K, 54% used [0x00000000a0000000,0x00000000a50d9460,0x00000000a9500000)
 Metaspace       used 73657K, capacity 77894K, committed 78100K, reserved 1118208K
  class space    used 9283K, capacity 10189K, committed 10300K, reserved 1048576K
}
Event: 250.687 GC heap before
{Heap before GC invocations=29 (full 4):
 PSYoungGen      total 207872K, used 203128K [0x00000000e0000000, 0x00000000ef000000, 0x0000000100000000)
  eden space 182272K, 100% used [0x00000000e0000000,0x00000000eb200000,0x00000000eb200000)
  from space 25600K, 81% used [0x00000000ecd80000,0x00000000ee1de388,0x00000000ee680000)
  to   space 28160K, 0% used [0x00000000eb200000,0x00000000eb200000,0x00000000ecd80000)
 ParOldGen       total 152576K, used 82793K [0x00000000a0000000, 0x00000000a9500000, 0x00000000e0000000)
  object space 152576K, 54% used [0x00000000a0000000,0x00000000a50da408,0x00000000a9500000)
 Metaspace       used 73733K, capacity 77958K, committed 78100K, reserved 1118208K
  class space    used 9283K, capacity 10189K, committed 10300K, reserved 1048576K
Event: 250.852 GC heap after
Heap after GC invocations=29 (full 4):
 PSYoungGen      total 210432K, used 28145K [0x00000000e0000000, 0x00000000f1980000, 0x0000000100000000)
  eden space 182272K, 0% used [0x00000000e0000000,0x00000000e0000000,0x00000000eb200000)
  from space 28160K, 99% used [0x00000000eb200000,0x00000000ecd7c610,0x00000000ecd80000)
  to   space 38400K, 0% used [0x00000000ef400000,0x00000000ef400000,0x00000000f1980000)
 ParOldGen       total 152576K, used 99236K [0x00000000a0000000, 0x00000000a9500000, 0x00000000e0000000)
  object space 152576K, 65% used [0x00000000a0000000,0x00000000a60e9168,0x00000000a9500000)
 Metaspace       used 73733K, capacity 77958K, committed 78100K, reserved 1118208K
  class space    used 9283K, capacity 10189K, committed 10300K, reserved 1048576K
}
Event: 256.376 GC heap before
{Heap before GC invocations=30 (full 4):
 PSYoungGen      total 210432K, used 210417K [0x00000000e0000000, 0x00000000f1980000, 0x0000000100000000)
  eden space 182272K, 100% used [0x00000000e0000000,0x00000000eb200000,0x00000000eb200000)
  from space 28160K, 99% used [0x00000000eb200000,0x00000000ecd7c610,0x00000000ecd80000)
  to   space 38400K, 0% used [0x00000000ef400000,0x00000000ef400000,0x00000000f1980000)
 ParOldGen       total 152576K, used 99236K [0x00000000a0000000, 0x00000000a9500000, 0x00000000e0000000)
  object space 152576K, 65% used [0x00000000a0000000,0x00000000a60e9168,0x00000000a9500000)
 Metaspace       used 74004K, capacity 78310K, committed 78612K, reserved 1118208K
  class space    used 9287K, capacity 10221K, committed 10300K, reserved 1048576K
Event: 256.576 GC heap after
Heap after GC invocations=30 (full 4):
 PSYoungGen      total 246784K, used 29256K [0x00000000e0000000, 0x00000000f2200000, 0x0000000100000000)
  eden space 208384K, 0% used [0x00000000e0000000,0x00000000e0000000,0x00000000ecb80000)
  from space 38400K, 76% used [0x00000000ef400000,0x00000000f10921f8,0x00000000f1980000)
  to   space 41472K, 0% used [0x00000000ecb80000,0x00000000ecb80000,0x00000000ef400000)
 ParOldGen       total 152576K, used 109258K [0x00000000a0000000, 0x00000000a9500000, 0x00000000e0000000)
  object space 152576K, 71% used [0x00000000a0000000,0x00000000a6ab2be0,0x00000000a9500000)
 Metaspace       used 74004K, capacity 78310K, committed 78612K, reserved 1118208K
  class space    used 9287K, capacity 10221K, committed 10300K, reserved 1048576K
}
Event: 265.454 GC heap before
{Heap before GC invocations=31 (full 4):
 PSYoungGen      total 246784K, used 237640K [0x00000000e0000000, 0x00000000f2200000, 0x0000000100000000)
  eden space 208384K, 100% used [0x00000000e0000000,0x00000000ecb80000,0x00000000ecb80000)
  from space 38400K, 76% used [0x00000000ef400000,0x00000000f10921f8,0x00000000f1980000)
  to   space 41472K, 0% used [0x00000000ecb80000,0x00000000ecb80000,0x00000000ef400000)
 ParOldGen       total 152576K, used 109258K [0x00000000a0000000, 0x00000000a9500000, 0x00000000e0000000)
  object space 152576K, 71% used [0x00000000a0000000,0x00000000a6ab2be0,0x00000000a9500000)
 Metaspace       used 74017K, capacity 78310K, committed 78612K, reserved 1118208K
  class space    used 9287K, capacity 10221K, committed 10300K, reserved 1048576K
Event: 265.821 GC heap after
Heap after GC invocations=31 (full 4):
 PSYoungGen      total 249856K, used 30573K [0x00000000e0000000, 0x00000000f4700000, 0x0000000100000000)
  eden space 208384K, 0% used [0x00000000e0000000,0x00000000e0000000,0x00000000ecb80000)
  from space 41472K, 73% used [0x00000000ecb80000,0x00000000ee95b758,0x00000000ef400000)
  to   space 44032K, 0% used [0x00000000f1c00000,0x00000000f1c00000,0x00000000f4700000)
 ParOldGen       total 152576K, used 137730K [0x00000000a0000000, 0x00000000a9500000, 0x00000000e0000000)
  object space 152576K, 90% used [0x00000000a0000000,0x00000000a8680820,0x00000000a9500000)
 Metaspace       used 74017K, capacity 78310K, committed 78612K, reserved 1118208K
  class space    used 9287K, capacity 10221K, committed 10300K, reserved 1048576K
}
Event: 265.821 GC heap before
{Heap before GC invocations=32 (full 5):
 PSYoungGen      total 249856K, used 30573K [0x00000000e0000000, 0x00000000f4700000, 0x0000000100000000)
  eden space 208384K, 0% used [0x00000000e0000000,0x00000000e0000000,0x00000000ecb80000)
  from space 41472K, 73% used [0x00000000ecb80000,0x00000000ee95b758,0x00000000ef400000)
  to   space 44032K, 0% used [0x00000000f1c00000,0x00000000f1c00000,0x00000000f4700000)
 ParOldGen       total 152576K, used 137730K [0x00000000a0000000, 0x00000000a9500000, 0x00000000e0000000)
  object space 152576K, 90% used [0x00000000a0000000,0x00000000a8680820,0x00000000a9500000)
 Metaspace       used 74017K, capacity 78310K, committed 78612K, reserved 1118208K
  class space    used 9287K, capacity 10221K, committed 10300K, reserved 1048576K
Event: 269.392 GC heap after
Heap after GC invocations=32 (full 5):
 PSYoungGen      total 249856K, used 0K [0x00000000e0000000, 0x00000000f4700000, 0x0000000100000000)
  eden space 208384K, 0% used [0x00000000e0000000,0x00000000e0000000,0x00000000ecb80000)
  from space 41472K, 0% used [0x00000000ecb80000,0x00000000ecb80000,0x00000000ef400000)
  to   space 44032K, 0% used [0x00000000f1c00000,0x00000000f1c00000,0x00000000f4700000)
 ParOldGen       total 220672K, used 125884K [0x00000000a0000000, 0x00000000ad780000, 0x00000000e0000000)
  object space 220672K, 57% used [0x00000000a0000000,0x00000000a7aef3f8,0x00000000ad780000)
 Metaspace       used 74017K, capacity 78310K, committed 78612K, reserved 1118208K
  class space    used 9287K, capacity 10221K, committed 10300K, reserved 1048576K
}

Deoptimization events (10 events):
Event: 259.746 Thread 0x000000001ac00800 Uncommon trap: reason=bimorphic action=maybe_recompile pc=0x0000000005e11e60 method=com.android.dx.rop.code.RegisterSpec.getFrameType()Lcom/android/dx/rop/type/TypeBearer; @ 4
Event: 259.782 Thread 0x000000001ac09800 Uncommon trap: reason=unstable_if action=reinterpret pc=0x0000000005c1ad08 method=com.android.dx.rop.code.RegisterSpecSet.<init>(I)V @ 2
Event: 259.782 Thread 0x000000001ac09800 Uncommon trap: reason=unstable_if action=reinterpret pc=0x000000000567a198 method=com.android.dx.rop.code.RegisterSpecSet.<init>(I)V @ 2
Event: 260.009 Thread 0x000000001ac04800 Uncommon trap: reason=bimorphic action=maybe_recompile pc=0x0000000005e11e60 method=com.android.dx.rop.code.RegisterSpec.getFrameType()Lcom/android/dx/rop/type/TypeBearer; @ 4
Event: 260.629 Thread 0x000000001ac04800 Uncommon trap: reason=class_check action=maybe_recompile pc=0x0000000005d53494 method=com.android.dx.ssa.SCCP.replaceConstants()V @ 182
Event: 260.707 Thread 0x000000001ac04800 Uncommon trap: reason=class_check action=maybe_recompile pc=0x0000000005d53494 method=com.android.dx.ssa.SCCP.replaceConstants()V @ 182
Event: 272.008 Thread 0x000000001ac04800 Uncommon trap: reason=bimorphic action=maybe_recompile pc=0x0000000005affa84 method=com.android.dx.ssa.LiteralOpUpgrader.tryReplacingWithConstant(Lcom/android/dx/ssa/NormalSsaInsn;)Z @ 62
Event: 272.008 Thread 0x000000001ac04800 Uncommon trap: reason=unstable_if action=reinterpret pc=0x000000000513be00 method=com.android.dx.ssa.LiteralOpUpgrader$1.visitNonMoveInsn(Lcom/android/dx/ssa/NormalSsaInsn;)V @ 24
Event: 274.378 Thread 0x000000001ac06000 Uncommon trap: reason=unstable_if action=reinterpret pc=0x0000000005f8bd38 method=com.android.dx.dex.code.LocalList$MakeState.filterSpec(Lcom/android/dx/rop/code/RegisterSpec;)Lcom/android/dx/rop/code/RegisterSpec; @ 11
Event: 274.394 Thread 0x000000001ac06000 Uncommon trap: reason=unstable_if action=reinterpret pc=0x0000000005de42cc method=com.android.dx.rop.code.RegisterSpecSet.<init>(I)V @ 2

Internal exceptions (10 events):
Event: 241.192 Thread 0x000000001ac02000 Exception <a 'sun/nio/fs/WindowsException'> (0x00000000e5f7dbc8) thrown at [C:\src\android\AOSP-openjdk\external\jetbrains\jdk\hotspot\src\share\vm\prims\jni.cpp, line 709]
Event: 241.206 Thread 0x000000001c787000 Exception <a 'sun/nio/fs/WindowsException'> (0x00000000e609ed80) thrown at [C:\src\android\AOSP-openjdk\external\jetbrains\jdk\hotspot\src\share\vm\prims\jni.cpp, line 709]
Event: 241.362 Thread 0x000000001ac02000 Exception <a 'sun/nio/fs/WindowsException'> (0x00000000e6588c20) thrown at [C:\src\android\AOSP-openjdk\external\jetbrains\jdk\hotspot\src\share\vm\prims\jni.cpp, line 709]
Event: 241.385 Thread 0x000000001c787000 Exception <a 'sun/nio/fs/WindowsException'> (0x00000000e60ba0f0) thrown at [C:\src\android\AOSP-openjdk\external\jetbrains\jdk\hotspot\src\share\vm\prims\jni.cpp, line 709]
Event: 241.477 Thread 0x000000001c787000 Exception <a 'sun/nio/fs/WindowsException'> (0x00000000e6a3ade0) thrown at [C:\src\android\AOSP-openjdk\external\jetbrains\jdk\hotspot\src\share\vm\prims\jni.cpp, line 709]
Event: 242.538 Thread 0x00000000217a4000 Implicit null exception at 0x0000000005434387 to 0x0000000005435871
Event: 246.424 Thread 0x000000001ac02000 Exception <a 'sun/nio/fs/WindowsException'> (0x00000000e31f5018) thrown at [C:\src\android\AOSP-openjdk\external\jetbrains\jdk\hotspot\src\share\vm\prims\jni.cpp, line 709]
Event: 246.580 Thread 0x000000001ac01800 Exception <a 'sun/nio/fs/WindowsException'> (0x00000000e4ee8380) thrown at [C:\src\android\AOSP-openjdk\external\jetbrains\jdk\hotspot\src\share\vm\prims\jni.cpp, line 709]
Event: 247.540 Thread 0x000000001ac02000 Exception <a 'sun/nio/fs/WindowsException'> (0x00000000e004a388) thrown at [C:\src\android\AOSP-openjdk\external\jetbrains\jdk\hotspot\src\share\vm\prims\jni.cpp, line 709]
Event: 248.479 Thread 0x000000001ac01800 Exception <a 'sun/nio/fs/WindowsException'> (0x00000000e3e08f00) thrown at [C:\src\android\AOSP-openjdk\external\jetbrains\jdk\hotspot\src\share\vm\prims\jni.cpp, line 709]

Events (10 events):
Event: 274.846 Thread 0x000000001ac06000 DEOPT PACKING pc=0x0000000005fa2859 sp=0x00000000277fedd0
Event: 274.846 Thread 0x000000001ac06000 DEOPT UNPACKING pc=0x0000000002c975bf sp=0x00000000277feb20 mode 0
Event: 274.861 Thread 0x000000001ac06000 DEOPT PACKING pc=0x0000000005fa2859 sp=0x00000000277fec80
Event: 274.861 Thread 0x000000001ac06000 DEOPT UNPACKING pc=0x0000000002c975bf sp=0x00000000277fe9d0 mode 0
Event: 274.873 Thread 0x000000001ac06000 DEOPT PACKING pc=0x0000000005fa2859 sp=0x00000000277fec80
Event: 274.873 Thread 0x000000001ac06000 DEOPT UNPACKING pc=0x0000000002c975bf sp=0x00000000277fe9d0 mode 0
Event: 274.884 Thread 0x000000001ac06000 DEOPT PACKING pc=0x0000000005fa2859 sp=0x00000000277fedd0
Event: 274.884 Thread 0x000000001ac06000 DEOPT UNPACKING pc=0x0000000002c975bf sp=0x00000000277feb20 mode 0
Event: 274.922 Thread 0x000000001ac06000 DEOPT PACKING pc=0x0000000005fa2859 sp=0x00000000277fedd0
Event: 274.922 Thread 0x000000001ac06000 DEOPT UNPACKING pc=0x0000000002c975bf sp=0x00000000277feb20 mode 0


Dynamic libraries:
0x00007ff684310000 - 0x00007ff684341000 	C:\Program Files\Android\Android Studio\jre\bin\java.exe
0x00007ffa71080000 - 0x00007ffa71261000 	C:\WINDOWS\SYSTEM32\ntdll.dll
0x00007ffa709d0000 - 0x00007ffa70a81000 	C:\WINDOWS\System32\KERNEL32.DLL
0x00007ffa6dd00000 - 0x00007ffa6df73000 	C:\WINDOWS\System32\KERNELBASE.dll
0x00007ffa6f410000 - 0x00007ffa6f4b1000 	C:\WINDOWS\System32\ADVAPI32.dll
0x00007ffa6eb40000 - 0x00007ffa6ebde000 	C:\WINDOWS\System32\msvcrt.dll
0x00007ffa6efa0000 - 0x00007ffa6effb000 	C:\WINDOWS\System32\sechost.dll
0x00007ffa6ebe0000 - 0x00007ffa6ed04000 	C:\WINDOWS\System32\RPCRT4.dll
0x00007ffa6e5a0000 - 0x00007ffa6e730000 	C:\WINDOWS\System32\USER32.dll
0x00007ffa6d5d0000 - 0x00007ffa6d5f0000 	C:\WINDOWS\System32\win32u.dll
0x00007ffa70f80000 - 0x00007ffa70fa8000 	C:\WINDOWS\System32\GDI32.dll
0x00007ffa6e270000 - 0x00007ffa6e401000 	C:\WINDOWS\System32\gdi32full.dll
0x00007ffa6df80000 - 0x00007ffa6e01f000 	C:\WINDOWS\System32\msvcp_win.dll
0x00007ffa6e410000 - 0x00007ffa6e508000 	C:\WINDOWS\System32\ucrtbase.dll
0x00007ffa5a020000 - 0x00007ffa5a289000 	C:\WINDOWS\WinSxS\amd64_microsoft.windows.common-controls_6595b64144ccf1df_6.0.17134.950_none_fb3da4273069d3e0\COMCTL32.dll
0x00007ffa6e790000 - 0x00007ffa6eab2000 	C:\WINDOWS\System32\combase.dll
0x00007ffa6d4a0000 - 0x00007ffa6d519000 	C:\WINDOWS\System32\bcryptPrimitives.dll
0x00007ffa70fc0000 - 0x00007ffa70fed000 	C:\WINDOWS\System32\IMM32.DLL
0x0000000066690000 - 0x0000000066762000 	C:\Program Files\Android\Android Studio\jre\jre\bin\msvcr100.dll
0x0000000066850000 - 0x000000006708c000 	C:\Program Files\Android\Android Studio\jre\jre\bin\server\jvm.dll
0x00007ffa70fb0000 - 0x00007ffa70fb8000 	C:\WINDOWS\System32\PSAPI.DLL
0x00007ffa68d30000 - 0x00007ffa68d39000 	C:\WINDOWS\SYSTEM32\WSOCK32.dll
0x00007ffa6f190000 - 0x00007ffa6f1fc000 	C:\WINDOWS\System32\WS2_32.dll
0x00007ffa6ac00000 - 0x00007ffa6ac23000 	C:\WINDOWS\SYSTEM32\WINMM.dll
0x00007ffa5eb00000 - 0x00007ffa5eb0a000 	C:\WINDOWS\SYSTEM32\VERSION.dll
0x00007ffa6abd0000 - 0x00007ffa6abfa000 	C:\WINDOWS\SYSTEM32\WINMMBASE.dll
0x00007ffa6d450000 - 0x00007ffa6d499000 	C:\WINDOWS\System32\cfgmgr32.dll
0x00007ffa68d20000 - 0x00007ffa68d2f000 	C:\Program Files\Android\Android Studio\jre\jre\bin\verify.dll
0x00007ffa66c70000 - 0x00007ffa66c99000 	C:\Program Files\Android\Android Studio\jre\jre\bin\java.dll
0x00007ffa679e0000 - 0x00007ffa679f6000 	C:\Program Files\Android\Android Studio\jre\jre\bin\zip.dll
0x00007ffa6f4c0000 - 0x00007ffa70900000 	C:\WINDOWS\System32\SHELL32.dll
0x00007ffa6f360000 - 0x00007ffa6f409000 	C:\WINDOWS\System32\shcore.dll
0x00007ffa6d5f0000 - 0x00007ffa6dcfd000 	C:\WINDOWS\System32\windows.storage.dll
0x00007ffa6e730000 - 0x00007ffa6e781000 	C:\WINDOWS\System32\shlwapi.dll
0x00007ffa6d3f0000 - 0x00007ffa6d401000 	C:\WINDOWS\System32\kernel.appcore.dll
0x00007ffa6d410000 - 0x00007ffa6d42f000 	C:\WINDOWS\System32\profapi.dll
0x00007ffa6d3a0000 - 0x00007ffa6d3ec000 	C:\WINDOWS\System32\powrprof.dll
0x00007ffa6d390000 - 0x00007ffa6d39a000 	C:\WINDOWS\System32\FLTLIB.DLL
0x00007ffa61870000 - 0x00007ffa6188a000 	C:\Program Files\Android\Android Studio\jre\jre\bin\net.dll
0x00007ffa6cbb0000 - 0x00007ffa6cc16000 	C:\WINDOWS\system32\mswsock.dll
0x00007ffa5e8a0000 - 0x00007ffa5e8b1000 	C:\Program Files\Android\Android Studio\jre\jre\bin\nio.dll
0x00007ffa5e840000 - 0x00007ffa5e85e000 	C:\Users\hmwan\.gradle\native\25\windows-amd64\native-platform.dll
0x00007ffa689b0000 - 0x00007ffa689bd000 	C:\Program Files\Android\Android Studio\jre\jre\bin\management.dll
0x00007ffa6cd60000 - 0x00007ffa6cd77000 	C:\WINDOWS\SYSTEM32\CRYPTSP.dll
0x00007ffa6c760000 - 0x00007ffa6c793000 	C:\WINDOWS\system32\rsaenh.dll
0x00007ffa6ce90000 - 0x00007ffa6ceb5000 	C:\WINDOWS\SYSTEM32\bcrypt.dll
0x00007ffa6d290000 - 0x00007ffa6d2b8000 	C:\WINDOWS\SYSTEM32\USERENV.dll
0x00007ffa6cd80000 - 0x00007ffa6cd8b000 	C:\WINDOWS\SYSTEM32\CRYPTBASE.dll
0x00007ffa6c900000 - 0x00007ffa6c938000 	C:\WINDOWS\SYSTEM32\IPHLPAPI.DLL
0x00007ffa6f180000 - 0x00007ffa6f188000 	C:\WINDOWS\System32\NSI.dll
0x00007ffa65690000 - 0x00007ffa656a6000 	C:\WINDOWS\SYSTEM32\dhcpcsvc6.DLL
0x00007ffa65c80000 - 0x00007ffa65c9a000 	C:\WINDOWS\SYSTEM32\dhcpcsvc.DLL
0x00007ffa6c480000 - 0x00007ffa6c4b1000 	C:\WINDOWS\SYSTEM32\ntmarta.dll

VM Arguments:
jvm_args: -Xmx1536m -Dfile.encoding=GBK -Duser.country=CN -Duser.language=zh -Duser.variant 
java_command: org.gradle.launcher.daemon.bootstrap.GradleDaemon 4.4
java_class_path (initial): C:\Users\hmwan\.gradle\wrapper\dists\gradle-4.4-all\9br9xq1tocpiv8o6njlyu5op1\gradle-4.4\lib\gradle-launcher-4.4.jar
Launcher Type: SUN_STANDARD

Environment Variables:
PATH=C:\ProgramData\Oracle\Java\javapath;C:\WINDOWS\system32;C:\WINDOWS;C:\WINDOWS\System32\Wbem;C:\WINDOWS\System32\WindowsPowerShell\v1.0\;C:\WINDOWS\System32\OpenSSH\;C:\Program Files\Git\cmd;C:\Users\hmwan\AppData\Local\Microsoft\WindowsApps;D:\Android Development Resources\adb;D:\Android\sdk\ndk-bundle;
USERNAME=hmwan
OS=Windows_NT
PROCESSOR_IDENTIFIER=Intel64 Family 6 Model 58 Stepping 9, GenuineIntel



---------------  S Y S T E M  ---------------

OS: Windows 10.0 , 64 bit Build 17134 (10.0.17134.753)

CPU:total 4 (2 cores per cpu, 2 threads per core) family 6 model 58 stepping 9, cmov, cx8, fxsr, mmx, sse, sse2, sse3, ssse3, sse4.1, sse4.2, popcnt, avx, aes, clmul, erms, ht, tsc, tscinvbit, tscinv

Memory: 4k page, physical 4005144k(250892k free), swap 10478356k(6408k free)

vm_info: OpenJDK 64-Bit Server VM (25.112-b06) for windows-amd64 JRE (1.8.0_112-release-b06), built on Dec  8 2016 00:54:26 by "builder" with MS VC++ 10.0 (VS2010)

time: Sat Aug 24 03:43:49 2019
elapsed time: 275 seconds (0d 0h 4m 35s)

