#
# There is insufficient memory for the Java Runtime Environment to continue.
# Native memory allocation (malloc) failed to allocate 1900016 bytes for Chunk::new
# Possible reasons:
#   The system is out of physical RAM or swap space
#   In 32 bit mode, the process size limit was hit
# Possible solutions:
#   Reduce memory load on the system
#   Increase physical memory or swap space
#   Check if swap backing store is full
#   Use 64 bit Java on a 64 bit OS
#   Decrease Java heap size (-Xmx/-Xms)
#   Decrease number of Java threads
#   Decrease Java thread stack sizes (-Xss)
#   Set larger code cache with -XX:ReservedCodeCacheSize=
# This output file may be truncated or incomplete.
#
#  Out of Memory Error (allocation.cpp:390), pid=14792, tid=0x0000000000001c1c
#
# JRE version: OpenJDK Runtime Environment (8.0_112-b06) (build 1.8.0_112-release-b06)
# Java VM: OpenJDK 64-Bit Server VM (25.112-b06 mixed mode windows-amd64 compressed oops)
# Failed to write core dump. Minidumps are not enabled by default on client versions of Windows
#

---------------  T H R E A D  ---------------

Current thread (0x0000000016e7a800):  JavaThread "C2 CompilerThread0" daemon [_thread_in_native, id=7196, stack(0x00000000187e0000,0x00000000188e0000)]

Stack: [0x00000000187e0000,0x00000000188e0000]
[error occurred during error reporting (printing stack bounds), id 0xc0000005]

Native frames: (J=compiled Java code, j=interpreted, Vv=VM code, C=native code)


Current CompileTask:
C2:  87312 12507   !   4       com.android.dx.cf.code.Ropper::processBlock (1101 bytes)


---------------  P R O C E S S  ---------------

Java Threads: ( => current thread )
  0x000000001c850000 JavaThread "pool-4-thread-4" [_thread_blocked, id=16844, stack(0x0000000026970000,0x0000000026a70000)]
  0x000000001c850800 JavaThread "pool-4-thread-3" [_thread_blocked, id=9500, stack(0x0000000026870000,0x0000000026970000)]
  0x000000001c84f000 JavaThread "pool-4-thread-2" [_thread_blocked, id=2192, stack(0x0000000026770000,0x0000000026870000)]
  0x000000001c856000 JavaThread "pool-5-thread-1" [_thread_blocked, id=9448, stack(0x0000000026670000,0x0000000026770000)]
  0x000000001c855000 JavaThread "pool-4-thread-1" [_thread_blocked, id=16160, stack(0x0000000026570000,0x0000000026670000)]
  0x000000001c853000 JavaThread "pool-3-thread-1" [_thread_in_native, id=13412, stack(0x0000000026470000,0x0000000026570000)]
  0x000000001c852000 JavaThread "pool-2-thread-1" [_thread_blocked, id=3704, stack(0x0000000026370000,0x0000000026470000)]
  0x000000001c851800 JavaThread "Task worker for ':' Thread 3" [_thread_blocked, id=7372, stack(0x0000000024870000,0x0000000024970000)]
  0x000000001c853800 JavaThread "Task worker for ':' Thread 2" [_thread_blocked, id=5160, stack(0x0000000024770000,0x0000000024870000)]
  0x000000001c847800 JavaThread "Task worker for ':'" [_thread_blocked, id=5516, stack(0x0000000023620000,0x0000000023720000)]
  0x000000001c84e000 JavaThread "Cache worker for Build Output Cleanup Cache (C:\Users\hmwan\Documents\Projects\Printer-AS-Git\.gradle\buildOutputCleanup)" [_thread_blocked, id=17756, stack(0x0000000023520000,0x0000000023620000)]
  0x000000001c846800 JavaThread "Cache worker for task history cache (C:\Users\hmwan\Documents\Projects\Printer-AS-Git\.gradle\4.4\taskHistory)" [_thread_blocked, id=11440, stack(0x0000000023420000,0x0000000023520000)]
  0x000000001c84d800 JavaThread "Cache worker for file content cache (C:\Users\hmwan\Documents\Projects\Printer-AS-Git\.gradle\4.4\fileContent)" [_thread_blocked, id=10572, stack(0x0000000023320000,0x0000000023420000)]
  0x000000001c84c800 JavaThread "Memory manager" [_thread_blocked, id=18136, stack(0x0000000022000000,0x0000000022100000)]
  0x00000000192d5000 JavaThread "build operations Thread 4" [_thread_blocked, id=15704, stack(0x0000000021b00000,0x0000000021c00000)]
  0x00000000192d4000 JavaThread "build operations Thread 3" [_thread_blocked, id=17256, stack(0x0000000021a00000,0x0000000021b00000)]
  0x00000000192db000 JavaThread "build operations Thread 2" [_thread_blocked, id=8072, stack(0x0000000021900000,0x0000000021a00000)]
  0x00000000192da000 JavaThread "build operations" [_thread_blocked, id=3828, stack(0x0000000020580000,0x0000000020680000)]
  0x00000000192d8800 JavaThread "Cache worker for Artifact transforms cache (C:\Users\hmwan\.gradle\caches\transforms-1)" [_thread_blocked, id=18040, stack(0x000000001d620000,0x000000001d720000)]
  0x000000001a337000 JavaThread "Cache worker for file hash cache (C:\Users\hmwan\Documents\Projects\Printer-AS-Git\.gradle\4.4\fileHashes)" [_thread_blocked, id=1160, stack(0x000000001c550000,0x000000001c650000)]
  0x000000001a213000 JavaThread "File lock request listener" [_thread_in_native, id=13608, stack(0x000000001b480000,0x000000001b580000)]
  0x0000000019fc0000 JavaThread "Cache worker for file hash cache (C:\Users\hmwan\.gradle\caches\4.4\fileHashes)" [_thread_blocked, id=2868, stack(0x000000001b380000,0x000000001b480000)]
  0x0000000019e36800 JavaThread "Asynchronous log dispatcher for DefaultDaemonConnection: socket connection from /127.0.0.1:54617 to /127.0.0.1:54618" [_thread_blocked, id=12872, stack(0x000000001af80000,0x000000001b080000)]
  0x0000000019e30800 JavaThread "Daemon worker" [_thread_blocked, id=9312, stack(0x000000001ae80000,0x000000001af80000)]
  0x0000000019e2f800 JavaThread "Cancel handler" [_thread_blocked, id=14688, stack(0x000000001ad80000,0x000000001ae80000)]
  0x0000000019e10000 JavaThread "Handler for socket connection from /127.0.0.1:54617 to /127.0.0.1:54618" [_thread_in_native, id=3800, stack(0x000000001aa80000,0x000000001ab80000)]
  0x0000000019e07000 JavaThread "Daemon" [_thread_blocked, id=5192, stack(0x000000001a980000,0x000000001aa80000)]
  0x0000000019cea000 JavaThread "Daemon periodic checks" [_thread_blocked, id=15904, stack(0x000000001a880000,0x000000001a980000)]
  0x0000000019cd9800 JavaThread "Incoming local TCP Connector on port 54617" [_thread_in_native, id=14252, stack(0x000000001a6d0000,0x000000001a7d0000)]
  0x0000000018262000 JavaThread "Service Thread" daemon [_thread_blocked, id=12908, stack(0x0000000018ae0000,0x0000000018be0000)]
  0x00000000181f6800 JavaThread "C1 CompilerThread2" daemon [_thread_blocked, id=15292, stack(0x00000000189e0000,0x0000000018ae0000)]
  0x0000000016e7c000 JavaThread "C2 CompilerThread1" daemon [_thread_blocked, id=14528, stack(0x00000000188e0000,0x00000000189e0000)]
=>0x0000000016e7a800 JavaThread "C2 CompilerThread0" daemon [_thread_in_native, id=7196, stack(0x00000000187e0000,0x00000000188e0000)]
  0x0000000016e18000 JavaThread "Attach Listener" daemon [_thread_blocked, id=17552, stack(0x00000000186e0000,0x00000000187e0000)]
  0x0000000016e34000 JavaThread "Signal Dispatcher" daemon [_thread_blocked, id=13464, stack(0x00000000185e0000,0x00000000186e0000)]
  0x000000000347d000 JavaThread "Finalizer" daemon [_thread_blocked, id=7224, stack(0x0000000018070000,0x0000000018170000)]
  0x0000000003472000 JavaThread "Reference Handler" daemon [_thread_blocked, id=2848, stack(0x0000000017f70000,0x0000000018070000)]
  0x0000000003380800 JavaThread "main" [_thread_blocked, id=1424, stack(0x0000000003280000,0x0000000003380000)]

Other Threads:
  0x0000000016de5800 VMThread [stack: 0x0000000017e70000,0x0000000017f70000] [id=17864]
  0x0000000018293000 WatcherThread [stack: 0x0000000018be0000,0x0000000018ce0000] [id=9056]

VM state:not at safepoint (normal execution)

VM Mutex/Monitor currently owned by a thread: None

Heap:
 PSYoungGen      total 166912K, used 17356K [0x00000000e0000000, 0x00000000edc00000, 0x0000000100000000)
  eden space 140800K, 3% used [0x00000000e0000000,0x00000000e05017f8,0x00000000e8980000)
  from space 26112K, 46% used [0x00000000eab00000,0x00000000eb6f1a80,0x00000000ec480000)
  to   space 34304K, 0% used [0x00000000e8980000,0x00000000e8980000,0x00000000eab00000)
 ParOldGen       total 169984K, used 95602K [0x00000000a0000000, 0x00000000aa600000, 0x00000000e0000000)
  object space 169984K, 56% used [0x00000000a0000000,0x00000000a5d5c9a0,0x00000000aa600000)
 Metaspace       used 65864K, capacity 68484K, committed 68824K, reserved 1110016K
  class space    used 8238K, capacity 8855K, committed 8960K, reserved 1048576K

Card table byte_map: [0x0000000012850000,0x0000000012b60000] byte_map_base: 0x0000000012350000

Marking Bits: (ParMarkBitMap*) 0x00000000670118f0
 Begin Bits: [0x0000000013160000, 0x0000000014960000)
 End Bits:   [0x0000000014960000, 0x0000000016160000)

Polling page: 0x0000000002f10000

CodeCache: size=245760Kb used=40271Kb max_used=41719Kb free=205488Kb
 bounds [0x0000000003490000, 0x0000000005de0000, 0x0000000012490000]
 total_blobs=11322 nmethods=10521 adapters=712
 compilation: enabled

Compilation events (10 events):
Event: 86.707 Thread 0x0000000016e7c000 12525       4       com.android.dx.dex.code.RopTranslator::getRegs (64 bytes)
Event: 86.723 Thread 0x0000000016e7c000 nmethod 12525 0x00000000040f52d0 code [0x00000000040f5460, 0x00000000040f5908]
Event: 86.723 Thread 0x0000000016e7c000 12482       4       com.android.dx.rop.cst.CstType::equals (29 bytes)
Event: 86.725 Thread 0x0000000016e7c000 nmethod 12482 0x000000000365bc50 code [0x000000000365bd80, 0x000000000365be18]
Event: 86.817 Thread 0x00000000181f6800 12569       3       org.gradle.internal.serialize.InputStreamBackedDecoder::readString (8 bytes)
Event: 86.817 Thread 0x00000000181f6800 nmethod 12569 0x0000000003715010 code [0x0000000003715180, 0x00000000037153e8]
Event: 87.128 Thread 0x0000000016e7c000 12570       4       com.android.dx.ssa.DeadCodeRemover::<init> (44 bytes)
Event: 87.154 Thread 0x0000000016e7c000 nmethod 12570 0x00000000055cf850 code [0x00000000055cf9e0, 0x00000000055d0248]
Event: 87.185 Thread 0x0000000016e7c000 12571       4       com.android.dx.rop.type.Prototype::<init> (67 bytes)
Event: 87.187 Thread 0x0000000016e7c000 nmethod 12571 0x00000000058c7d50 code [0x00000000058c7e80, 0x00000000058c7f78]

GC Heap History (10 events):
Event: 70.748 GC heap before
{Heap before GC invocations=24 (full 3):
 PSYoungGen      total 124928K, used 124308K [0x00000000e0000000, 0x00000000e8c80000, 0x0000000100000000)
  eden space 117248K, 100% used [0x00000000e0000000,0x00000000e7280000,0x00000000e7280000)
  from space 7680K, 91% used [0x00000000e8500000,0x00000000e8be5048,0x00000000e8c80000)
  to   space 13312K, 0% used [0x00000000e7280000,0x00000000e7280000,0x00000000e7f80000)
 ParOldGen       total 95744K, used 44951K [0x00000000a0000000, 0x00000000a5d80000, 0x00000000e0000000)
  object space 95744K, 46% used [0x00000000a0000000,0x00000000a2be5c08,0x00000000a5d80000)
 Metaspace       used 65659K, capacity 68292K, committed 68568K, reserved 1110016K
  class space    used 8236K, capacity 8855K, committed 8960K, reserved 1048576K
Event: 70.800 GC heap after
Heap after GC invocations=24 (full 3):
 PSYoungGen      total 130560K, used 13307K [0x00000000e0000000, 0x00000000ea180000, 0x0000000100000000)
  eden space 117248K, 0% used [0x00000000e0000000,0x00000000e0000000,0x00000000e7280000)
  from space 13312K, 99% used [0x00000000e7280000,0x00000000e7f7ecc0,0x00000000e7f80000)
  to   space 16384K, 0% used [0x00000000e9180000,0x00000000e9180000,0x00000000ea180000)
 ParOldGen       total 95744K, used 48553K [0x00000000a0000000, 0x00000000a5d80000, 0x00000000e0000000)
  object space 95744K, 50% used [0x00000000a0000000,0x00000000a2f6a668,0x00000000a5d80000)
 Metaspace       used 65659K, capacity 68292K, committed 68568K, reserved 1110016K
  class space    used 8236K, capacity 8855K, committed 8960K, reserved 1048576K
}
Event: 76.434 GC heap before
{Heap before GC invocations=25 (full 3):
 PSYoungGen      total 130560K, used 130555K [0x00000000e0000000, 0x00000000ea180000, 0x0000000100000000)
  eden space 117248K, 100% used [0x00000000e0000000,0x00000000e7280000,0x00000000e7280000)
  from space 13312K, 99% used [0x00000000e7280000,0x00000000e7f7ecc0,0x00000000e7f80000)
  to   space 16384K, 0% used [0x00000000e9180000,0x00000000e9180000,0x00000000ea180000)
 ParOldGen       total 95744K, used 48553K [0x00000000a0000000, 0x00000000a5d80000, 0x00000000e0000000)
  object space 95744K, 50% used [0x00000000a0000000,0x00000000a2f6a668,0x00000000a5d80000)
 Metaspace       used 65794K, capacity 68420K, committed 68568K, reserved 1110016K
  class space    used 8238K, capacity 8855K, committed 8960K, reserved 1048576K
Event: 76.513 GC heap after
Heap after GC invocations=25 (full 3):
 PSYoungGen      total 141312K, used 16365K [0x00000000e0000000, 0x00000000eb200000, 0x0000000100000000)
  eden space 124928K, 0% used [0x00000000e0000000,0x00000000e0000000,0x00000000e7a00000)
  from space 16384K, 99% used [0x00000000e9180000,0x00000000ea17b428,0x00000000ea180000)
  to   space 24064K, 0% used [0x00000000e7a00000,0x00000000e7a00000,0x00000000e9180000)
 ParOldGen       total 95744K, used 62716K [0x00000000a0000000, 0x00000000a5d80000, 0x00000000e0000000)
  object space 95744K, 65% used [0x00000000a0000000,0x00000000a3d3f148,0x00000000a5d80000)
 Metaspace       used 65794K, capacity 68420K, committed 68568K, reserved 1110016K
  class space    used 8238K, capacity 8855K, committed 8960K, reserved 1048576K
}
Event: 79.333 GC heap before
{Heap before GC invocations=26 (full 3):
 PSYoungGen      total 141312K, used 141293K [0x00000000e0000000, 0x00000000eb200000, 0x0000000100000000)
  eden space 124928K, 100% used [0x00000000e0000000,0x00000000e7a00000,0x00000000e7a00000)
  from space 16384K, 99% used [0x00000000e9180000,0x00000000ea17b428,0x00000000ea180000)
  to   space 24064K, 0% used [0x00000000e7a00000,0x00000000e7a00000,0x00000000e9180000)
 ParOldGen       total 95744K, used 62716K [0x00000000a0000000, 0x00000000a5d80000, 0x00000000e0000000)
  object space 95744K, 65% used [0x00000000a0000000,0x00000000a3d3f148,0x00000000a5d80000)
 Metaspace       used 65844K, capacity 68484K, committed 68824K, reserved 1110016K
  class space    used 8238K, capacity 8855K, committed 8960K, reserved 1048576K
Event: 79.442 GC heap after
Heap after GC invocations=26 (full 3):
 PSYoungGen      total 148992K, used 19873K [0x00000000e0000000, 0x00000000ec480000, 0x0000000100000000)
  eden space 124928K, 0% used [0x00000000e0000000,0x00000000e0000000,0x00000000e7a00000)
  from space 24064K, 82% used [0x00000000e7a00000,0x00000000e8d68608,0x00000000e9180000)
  to   space 26112K, 0% used [0x00000000eab00000,0x00000000eab00000,0x00000000ec480000)
 ParOldGen       total 95744K, used 76522K [0x00000000a0000000, 0x00000000a5d80000, 0x00000000e0000000)
  object space 95744K, 79% used [0x00000000a0000000,0x00000000a4aba8d8,0x00000000a5d80000)
 Metaspace       used 65844K, capacity 68484K, committed 68824K, reserved 1110016K
  class space    used 8238K, capacity 8855K, committed 8960K, reserved 1048576K
}
Event: 81.151 GC heap before
{Heap before GC invocations=27 (full 3):
 PSYoungGen      total 148992K, used 144801K [0x00000000e0000000, 0x00000000ec480000, 0x0000000100000000)
  eden space 124928K, 100% used [0x00000000e0000000,0x00000000e7a00000,0x00000000e7a00000)
  from space 24064K, 82% used [0x00000000e7a00000,0x00000000e8d68608,0x00000000e9180000)
  to   space 26112K, 0% used [0x00000000eab00000,0x00000000eab00000,0x00000000ec480000)
 ParOldGen       total 95744K, used 76522K [0x00000000a0000000, 0x00000000a5d80000, 0x00000000e0000000)
  object space 95744K, 79% used [0x00000000a0000000,0x00000000a4aba8d8,0x00000000a5d80000)
 Metaspace       used 65864K, capacity 68484K, committed 68824K, reserved 1110016K
  class space    used 8238K, capacity 8855K, committed 8960K, reserved 1048576K
Event: 81.292 GC heap after
Heap after GC invocations=27 (full 3):
 PSYoungGen      total 166912K, used 26093K [0x00000000e0000000, 0x00000000edc00000, 0x0000000100000000)
  eden space 140800K, 0% used [0x00000000e0000000,0x00000000e0000000,0x00000000e8980000)
  from space 26112K, 99% used [0x00000000eab00000,0x00000000ec47b7f0,0x00000000ec480000)
  to   space 34304K, 0% used [0x00000000e8980000,0x00000000e8980000,0x00000000eab00000)
 ParOldGen       total 95744K, used 87324K [0x00000000a0000000, 0x00000000a5d80000, 0x00000000e0000000)
  object space 95744K, 91% used [0x00000000a0000000,0x00000000a55473c8,0x00000000a5d80000)
 Metaspace       used 65864K, capacity 68484K, committed 68824K, reserved 1110016K
  class space    used 8238K, capacity 8855K, committed 8960K, reserved 1048576K
}
Event: 81.292 GC heap before
{Heap before GC invocations=28 (full 4):
 PSYoungGen      total 166912K, used 26093K [0x00000000e0000000, 0x00000000edc00000, 0x0000000100000000)
  eden space 140800K, 0% used [0x00000000e0000000,0x00000000e0000000,0x00000000e8980000)
  from space 26112K, 99% used [0x00000000eab00000,0x00000000ec47b7f0,0x00000000ec480000)
  to   space 34304K, 0% used [0x00000000e8980000,0x00000000e8980000,0x00000000eab00000)
 ParOldGen       total 95744K, used 87324K [0x00000000a0000000, 0x00000000a5d80000, 0x00000000e0000000)
  object space 95744K, 91% used [0x00000000a0000000,0x00000000a55473c8,0x00000000a5d80000)
 Metaspace       used 65864K, capacity 68484K, committed 68824K, reserved 1110016K
  class space    used 8238K, capacity 8855K, committed 8960K, reserved 1048576K
Event: 86.551 GC heap after
Heap after GC invocations=28 (full 4):
 PSYoungGen      total 166912K, used 12230K [0x00000000e0000000, 0x00000000edc00000, 0x0000000100000000)
  eden space 140800K, 0% used [0x00000000e0000000,0x00000000e0000000,0x00000000e8980000)
  from space 26112K, 46% used [0x00000000eab00000,0x00000000eb6f1a80,0x00000000ec480000)
  to   space 34304K, 0% used [0x00000000e8980000,0x00000000e8980000,0x00000000eab00000)
 ParOldGen       total 169984K, used 95602K [0x00000000a0000000, 0x00000000aa600000, 0x00000000e0000000)
  object space 169984K, 56% used [0x00000000a0000000,0x00000000a5d5c9a0,0x00000000aa600000)
 Metaspace       used 65864K, capacity 68484K, committed 68824K, reserved 1110016K
  class space    used 8238K, capacity 8855K, committed 8960K, reserved 1048576K
}

Deoptimization events (10 events):
Event: 77.502 Thread 0x000000001c84f000 Uncommon trap: reason=unstable_if action=reinterpret pc=0x0000000005bb6118 method=com.android.dx.cf.code.Ropper.processBlock(Lcom/android/dx/cf/code/ByteBlock;Lcom/android/dx/cf/code/Frame;[I)V @ 413
Event: 78.968 Thread 0x000000001c850800 Uncommon trap: reason=unstable_if action=reinterpret pc=0x0000000005bdf1f8 method=com.android.dx.cf.code.ByteCatchList.typeNotFound(Lcom/android/dx/cf/code/ByteCatchList$Item;[Lcom/android/dx/cf/code/ByteCatchList$Item;I)Z @ 34
Event: 79.034 Thread 0x000000001c850800 Uncommon trap: reason=class_check action=maybe_recompile pc=0x0000000005cf1250 method=com.android.dx.ssa.SCCP.replaceConstants()V @ 182
Event: 79.037 Thread 0x000000001c850800 Uncommon trap: reason=class_check action=maybe_recompile pc=0x0000000005cf1250 method=com.android.dx.ssa.SCCP.replaceConstants()V @ 182
Event: 79.165 Thread 0x000000001c850800 Uncommon trap: reason=bimorphic action=maybe_recompile pc=0x0000000005c66f74 method=com.android.dx.cf.code.BytecodeArray.parseInstruction(ILcom/android/dx/cf/code/BytecodeArray$Visitor;)I @ 891
Event: 79.166 Thread 0x000000001c850800 Uncommon trap: reason=bimorphic action=maybe_recompile pc=0x0000000005c66f74 method=com.android.dx.cf.code.BytecodeArray.parseInstruction(ILcom/android/dx/cf/code/BytecodeArray$Visitor;)I @ 891
Event: 79.821 Thread 0x000000001c850800 Uncommon trap: reason=unstable_if action=reinterpret pc=0x0000000005ad09c8 method=com.android.dx.ssa.SCCP.simulateBranch(Lcom/android/dx/ssa/SsaInsn;)V @ 548
Event: 79.821 Thread 0x000000001c850800 Uncommon trap: reason=unstable_if action=reinterpret pc=0x0000000005cf0cd0 method=com.android.dx.ssa.SCCP.run()V @ 179
Event: 80.682 Thread 0x000000001c850000 Uncommon trap: reason=unstable_if action=reinterpret pc=0x0000000005c20204 method=com.android.dx.cf.code.BaseMachine.popArgs(Lcom/android/dx/cf/code/Frame;I)V @ 15
Event: 86.558 Thread 0x000000001c84f000 Uncommon trap: reason=bimorphic action=maybe_recompile pc=0x000000000503fdc8 method=com.android.dx.ssa.LiteralOpUpgrader.tryReplacingWithConstant(Lcom/android/dx/ssa/NormalSsaInsn;)Z @ 62

Internal exceptions (10 events):
Event: 53.292 Thread 0x0000000019e30800 Exception <a 'java/lang/ArrayIndexOutOfBoundsException'> (0x00000000e4bc30d8) thrown at [C:\src\android\AOSP-openjdk\external\jetbrains\jdk\hotspot\src\share\vm\runtime\sharedRuntime.cpp, line 605]
Event: 53.294 Thread 0x0000000019e30800 Exception <a 'java/lang/ArrayIndexOutOfBoundsException'> (0x00000000e4bc8c48) thrown at [C:\src\android\AOSP-openjdk\external\jetbrains\jdk\hotspot\src\share\vm\runtime\sharedRuntime.cpp, line 605]
Event: 53.294 Thread 0x0000000019e30800 Exception <a 'java/lang/ArrayIndexOutOfBoundsException'> (0x00000000e4bcada0) thrown at [C:\src\android\AOSP-openjdk\external\jetbrains\jdk\hotspot\src\share\vm\runtime\sharedRuntime.cpp, line 605]
Event: 53.295 Thread 0x0000000019e30800 Exception <a 'java/lang/ArrayIndexOutOfBoundsException'> (0x00000000e4bce570) thrown at [C:\src\android\AOSP-openjdk\external\jetbrains\jdk\hotspot\src\share\vm\runtime\sharedRuntime.cpp, line 605]
Event: 53.295 Thread 0x0000000019e30800 Exception <a 'java/lang/ArrayIndexOutOfBoundsException'> (0x00000000e4bd0ab0) thrown at [C:\src\android\AOSP-openjdk\external\jetbrains\jdk\hotspot\src\share\vm\runtime\sharedRuntime.cpp, line 605]
Event: 53.296 Thread 0x0000000019e30800 Exception <a 'java/lang/ArrayIndexOutOfBoundsException'> (0x00000000e4bd31d0) thrown at [C:\src\android\AOSP-openjdk\external\jetbrains\jdk\hotspot\src\share\vm\runtime\sharedRuntime.cpp, line 605]
Event: 53.297 Thread 0x0000000019e30800 Exception <a 'java/lang/ArrayIndexOutOfBoundsException'> (0x00000000e4bd6710) thrown at [C:\src\android\AOSP-openjdk\external\jetbrains\jdk\hotspot\src\share\vm\runtime\sharedRuntime.cpp, line 605]
Event: 53.298 Thread 0x0000000019e30800 Exception <a 'java/lang/ArrayIndexOutOfBoundsException'> (0x00000000e4bd8ac8) thrown at [C:\src\android\AOSP-openjdk\external\jetbrains\jdk\hotspot\src\share\vm\runtime\sharedRuntime.cpp, line 605]
Event: 62.209 Thread 0x000000001c851800 Implicit null exception at 0x000000000463ad77 to 0x000000000463adf1
Event: 63.216 Thread 0x000000001c850000 Implicit null exception at 0x000000000585c462 to 0x000000000585c552

Events (10 events):
Event: 81.040 Thread 0x000000001c84f000 DEOPT UNPACKING pc=0x00000000034d75bf sp=0x000000002686e098 mode 0
Event: 81.081 Thread 0x000000001c84f000 DEOPT PACKING pc=0x0000000005adcb1f sp=0x000000002686e660
Event: 81.081 Thread 0x000000001c84f000 DEOPT UNPACKING pc=0x00000000034d75bf sp=0x000000002686e3b8 mode 0
Event: 81.100 Executing VM operation: RevokeBias
Event: 81.101 Executing VM operation: RevokeBias done
Event: 81.151 Executing VM operation: ParallelGCFailedAllocation
Event: 86.551 Executing VM operation: ParallelGCFailedAllocation done
Event: 86.558 Thread 0x000000001c84f000 Uncommon trap: trap_request=0xffffffc6 fr.pc=0x000000000503fdc8
Event: 86.558 Thread 0x000000001c84f000 DEOPT PACKING pc=0x000000000503fdc8 sp=0x000000002686e4a0
Event: 86.558 Thread 0x000000001c84f000 DEOPT UNPACKING pc=0x00000000034d556a sp=0x000000002686e378 mode 2


Dynamic libraries:
0x00007ff7949c0000 - 0x00007ff7949f1000 	C:\Program Files\Android\Android Studio\jre\bin\java.exe
0x00007ffa71080000 - 0x00007ffa71261000 	C:\WINDOWS\SYSTEM32\ntdll.dll
0x00007ffa709d0000 - 0x00007ffa70a81000 	C:\WINDOWS\System32\KERNEL32.DLL
0x00007ffa6dd00000 - 0x00007ffa6df73000 	C:\WINDOWS\System32\KERNELBASE.dll
0x00007ffa6f410000 - 0x00007ffa6f4b1000 	C:\WINDOWS\System32\ADVAPI32.dll
0x00007ffa6eb40000 - 0x00007ffa6ebde000 	C:\WINDOWS\System32\msvcrt.dll
0x00007ffa6efa0000 - 0x00007ffa6effb000 	C:\WINDOWS\System32\sechost.dll
0x00007ffa6ebe0000 - 0x00007ffa6ed04000 	C:\WINDOWS\System32\RPCRT4.dll
0x00007ffa6e5a0000 - 0x00007ffa6e730000 	C:\WINDOWS\System32\USER32.dll
0x00007ffa6d5d0000 - 0x00007ffa6d5f0000 	C:\WINDOWS\System32\win32u.dll
0x00007ffa70f80000 - 0x00007ffa70fa8000 	C:\WINDOWS\System32\GDI32.dll
0x00007ffa6e270000 - 0x00007ffa6e401000 	C:\WINDOWS\System32\gdi32full.dll
0x00007ffa6df80000 - 0x00007ffa6e01f000 	C:\WINDOWS\System32\msvcp_win.dll
0x00007ffa6e410000 - 0x00007ffa6e508000 	C:\WINDOWS\System32\ucrtbase.dll
0x00007ffa5a020000 - 0x00007ffa5a289000 	C:\WINDOWS\WinSxS\amd64_microsoft.windows.common-controls_6595b64144ccf1df_6.0.17134.950_none_fb3da4273069d3e0\COMCTL32.dll
0x00007ffa6e790000 - 0x00007ffa6eab2000 	C:\WINDOWS\System32\combase.dll
0x00007ffa6d4a0000 - 0x00007ffa6d519000 	C:\WINDOWS\System32\bcryptPrimitives.dll
0x00007ffa70fc0000 - 0x00007ffa70fed000 	C:\WINDOWS\System32\IMM32.DLL
0x0000000066690000 - 0x0000000066762000 	C:\Program Files\Android\Android Studio\jre\jre\bin\msvcr100.dll
0x0000000066850000 - 0x000000006708c000 	C:\Program Files\Android\Android Studio\jre\jre\bin\server\jvm.dll
0x00007ffa70fb0000 - 0x00007ffa70fb8000 	C:\WINDOWS\System32\PSAPI.DLL
0x00007ffa5eb00000 - 0x00007ffa5eb0a000 	C:\WINDOWS\SYSTEM32\VERSION.dll
0x00007ffa6ac00000 - 0x00007ffa6ac23000 	C:\WINDOWS\SYSTEM32\WINMM.dll
0x00007ffa682b0000 - 0x00007ffa682b9000 	C:\WINDOWS\SYSTEM32\WSOCK32.dll
0x00007ffa6f190000 - 0x00007ffa6f1fc000 	C:\WINDOWS\System32\WS2_32.dll
0x00007ffa6abd0000 - 0x00007ffa6abfa000 	C:\WINDOWS\SYSTEM32\winmmbase.dll
0x00007ffa6d450000 - 0x00007ffa6d499000 	C:\WINDOWS\System32\cfgmgr32.dll
0x00007ffa68d20000 - 0x00007ffa68d2f000 	C:\Program Files\Android\Android Studio\jre\jre\bin\verify.dll
0x00007ffa61970000 - 0x00007ffa61999000 	C:\Program Files\Android\Android Studio\jre\jre\bin\java.dll
0x00007ffa61950000 - 0x00007ffa61966000 	C:\Program Files\Android\Android Studio\jre\jre\bin\zip.dll
0x00007ffa6f4c0000 - 0x00007ffa70900000 	C:\WINDOWS\System32\SHELL32.dll
0x00007ffa6f360000 - 0x00007ffa6f409000 	C:\WINDOWS\System32\shcore.dll
0x00007ffa6d5f0000 - 0x00007ffa6dcfd000 	C:\WINDOWS\System32\windows.storage.dll
0x00007ffa6e730000 - 0x00007ffa6e781000 	C:\WINDOWS\System32\shlwapi.dll
0x00007ffa6d3f0000 - 0x00007ffa6d401000 	C:\WINDOWS\System32\kernel.appcore.dll
0x00007ffa6d410000 - 0x00007ffa6d42f000 	C:\WINDOWS\System32\profapi.dll
0x00007ffa6d3a0000 - 0x00007ffa6d3ec000 	C:\WINDOWS\System32\powrprof.dll
0x00007ffa6d390000 - 0x00007ffa6d39a000 	C:\WINDOWS\System32\FLTLIB.DLL
0x00007ffa5e890000 - 0x00007ffa5e8aa000 	C:\Program Files\Android\Android Studio\jre\jre\bin\net.dll
0x00007ffa6cbb0000 - 0x00007ffa6cc16000 	C:\WINDOWS\system32\mswsock.dll
0x00007ffa5e870000 - 0x00007ffa5e881000 	C:\Program Files\Android\Android Studio\jre\jre\bin\nio.dll
0x00007ffa5ad00000 - 0x00007ffa5ad1e000 	C:\Users\hmwan\.gradle\native\25\windows-amd64\native-platform.dll
0x00007ffa66c70000 - 0x00007ffa66c7d000 	C:\Program Files\Android\Android Studio\jre\jre\bin\management.dll
0x00007ffa6cd60000 - 0x00007ffa6cd77000 	C:\WINDOWS\SYSTEM32\CRYPTSP.dll
0x00007ffa6c760000 - 0x00007ffa6c793000 	C:\WINDOWS\system32\rsaenh.dll
0x00007ffa6ce90000 - 0x00007ffa6ceb5000 	C:\WINDOWS\SYSTEM32\bcrypt.dll
0x00007ffa6d290000 - 0x00007ffa6d2b8000 	C:\WINDOWS\SYSTEM32\USERENV.dll
0x00007ffa6cd80000 - 0x00007ffa6cd8b000 	C:\WINDOWS\SYSTEM32\CRYPTBASE.dll
0x00007ffa6c900000 - 0x00007ffa6c938000 	C:\WINDOWS\SYSTEM32\IPHLPAPI.DLL
0x00007ffa6f180000 - 0x00007ffa6f188000 	C:\WINDOWS\System32\NSI.dll
0x00007ffa65690000 - 0x00007ffa656a6000 	C:\WINDOWS\SYSTEM32\dhcpcsvc6.DLL
0x00007ffa65c80000 - 0x00007ffa65c9a000 	C:\WINDOWS\SYSTEM32\dhcpcsvc.DLL

VM Arguments:
jvm_args: -Xmx1536m -Dfile.encoding=GBK -Duser.country=CN -Duser.language=zh -Duser.variant 
java_command: org.gradle.launcher.daemon.bootstrap.GradleDaemon 4.4
java_class_path (initial): C:\Users\hmwan\.gradle\wrapper\dists\gradle-4.4-all\9br9xq1tocpiv8o6njlyu5op1\gradle-4.4\lib\gradle-launcher-4.4.jar
Launcher Type: SUN_STANDARD

Environment Variables:
PATH=C:\ProgramData\Oracle\Java\javapath;C:\WINDOWS\system32;C:\WINDOWS;C:\WINDOWS\System32\Wbem;C:\WINDOWS\System32\WindowsPowerShell\v1.0\;C:\WINDOWS\System32\OpenSSH\;C:\Program Files\Git\cmd;C:\Users\hmwan\AppData\Local\Microsoft\WindowsApps;D:\Android Development Resources\adb;D:\Android\sdk\ndk-bundle;
USERNAME=hmwan
OS=Windows_NT
PROCESSOR_IDENTIFIER=Intel64 Family 6 Model 58 Stepping 9, GenuineIntel



---------------  S Y S T E M  ---------------

OS: Windows 10.0 , 64 bit Build 17134 (10.0.17134.753)

CPU:total 4 (2 cores per cpu, 2 threads per core) family 6 model 58 stepping 9, cmov, cx8, fxsr, mmx, sse, sse2, sse3, ssse3, sse4.1, sse4.2, popcnt, avx, aes, clmul, erms, ht, tsc, tscinvbit, tscinv

Memory: 4k page, physical 4005144k(190512k free), swap 10478356k(3804k free)

vm_info: OpenJDK 64-Bit Server VM (25.112-b06) for windows-amd64 JRE (1.8.0_112-release-b06), built on Dec  8 2016 00:54:26 by "builder" with MS VC++ 10.0 (VS2010)

time: Sat Aug 24 03:36:41 2019
elapsed time: 87 seconds (0d 0h 1m 27s)

